#
# There is insufficient memory for the Java Runtime Environment to continue.
# Native memory allocation (malloc) failed to allocate 1805616 bytes for Chunk::new
# Possible reasons:
#   The system is out of physical RAM or swap space
#   In 32 bit mode, the process size limit was hit
# Possible solutions:
#   Reduce memory load on the system
#   Increase physical memory or swap space
#   Check if swap backing store is full
#   Use 64 bit Java on a 64 bit OS
#   Decrease Java heap size (-Xmx/-Xms)
#   Decrease number of Java threads
#   Decrease Java thread stack sizes (-Xss)
#   Set larger code cache with -XX:ReservedCodeCacheSize=
# This output file may be truncated or incomplete.
#
#  Out of Memory Error (allocation.cpp:390), pid=9376, tid=7680
#
# JRE version: Java(TM) SE Runtime Environment (8.0_91-b15) (build 1.8.0_91-b15)
# Java VM: Java HotSpot(TM) 64-Bit Server VM (25.91-b15 mixed mode windows-amd64 compressed oops)
# Failed to write core dump. Minidumps are not enabled by default on client versions of Windows
#

---------------  T H R E A D  ---------------

Current thread (0x0000000014d28000):  JavaThread "C2 CompilerThread0" daemon [_thread_in_native, id=7680, stack(0x0000000016630000,0x0000000016730000)]

Stack: [0x0000000016630000,0x0000000016730000]
[error occurred during error reporting (printing stack bounds), id 0xc0000005]

Native frames: (J=compiled Java code, j=interpreted, Vv=VM code, C=native code)


Current CompileTask:
C2:   9658 1948   !   4       com.android.dx.cf.code.BytecodeArray::parseInstruction (2764 bytes)


---------------  P R O C E S S  ---------------

Java Threads: ( => current thread )
  0x00000000162b7000 JavaThread "pool-2-thread-4" [_thread_blocked, id=5288, stack(0x0000000016f30000,0x0000000017030000)]
  0x00000000162b6000 JavaThread "pool-2-thread-3" [_thread_blocked, id=1476, stack(0x0000000016e30000,0x0000000016f30000)]
  0x00000000162b5800 JavaThread "pool-2-thread-2" [_thread_blocked, id=5552, stack(0x0000000016d30000,0x0000000016e30000)]
  0x00000000162b4800 JavaThread "pool-3-thread-1" [_thread_blocked, id=11028, stack(0x0000000016c30000,0x0000000016d30000)]
  0x00000000162b0800 JavaThread "pool-2-thread-1" [_thread_blocked, id=8168, stack(0x0000000016b30000,0x0000000016c30000)]
  0x00000000160a0800 JavaThread "Service Thread" daemon [_thread_blocked, id=5588, stack(0x0000000016930000,0x0000000016a30000)]
  0x000000001608b000 JavaThread "C1 CompilerThread2" daemon [_thread_blocked, id=1868, stack(0x0000000016830000,0x0000000016930000)]
  0x0000000014d2b000 JavaThread "C2 CompilerThread1" daemon [_thread_in_native, id=10480, stack(0x0000000016730000,0x0000000016830000)]
=>0x0000000014d28000 JavaThread "C2 CompilerThread0" daemon [_thread_in_native, id=7680, stack(0x0000000016630000,0x0000000016730000)]
  0x0000000014cdd000 JavaThread "Attach Listener" daemon [_thread_blocked, id=4788, stack(0x0000000016530000,0x0000000016630000)]
  0x0000000014cdc000 JavaThread "Signal Dispatcher" daemon [_thread_blocked, id=4524, stack(0x0000000016430000,0x0000000016530000)]
  0x0000000014cba800 JavaThread "Finalizer" daemon [_thread_blocked, id=1156, stack(0x0000000015f30000,0x0000000016030000)]
  0x00000000025ef800 JavaThread "Reference Handler" daemon [_thread_blocked, id=10744, stack(0x0000000015e30000,0x0000000015f30000)]
  0x000000000204d800 JavaThread "main" [_thread_in_vm, id=10824, stack(0x0000000002400000,0x0000000002500000)]

Other Threads:
  0x0000000014c98800 VMThread [stack: 0x0000000015d30000,0x0000000015e30000] [id=10116]
  0x00000000160d6800 WatcherThread [stack: 0x0000000016a30000,0x0000000016b30000] [id=8324]

VM state:not at safepoint (normal execution)

VM Mutex/Monitor currently owned by a thread: None

Heap:
 PSYoungGen      total 138240K, used 27015K [0x00000000eab00000, 0x00000000f3700000, 0x0000000100000000)
  eden space 133120K, 16% used [0x00000000eab00000,0x00000000ec0627b8,0x00000000f2d00000)
  from space 5120K, 99% used [0x00000000f3200000,0x00000000f36ff458,0x00000000f3700000)
  to   space 5120K, 0% used [0x00000000f2d00000,0x00000000f2d00000,0x00000000f3200000)
 ParOldGen       total 87552K, used 26668K [0x00000000c0000000, 0x00000000c5580000, 0x00000000eab00000)
  object space 87552K, 30% used [0x00000000c0000000,0x00000000c1a0b280,0x00000000c5580000)
 Metaspace       used 6426K, capacity 7128K, committed 7424K, reserved 1056768K
  class space    used 619K, capacity 656K, committed 768K, reserved 1048576K

Card table byte_map: [0x00000000119c0000,0x0000000011bd0000] byte_map_base: 0x00000000113c0000

Marking Bits: (ParMarkBitMap*) 0x0000000066ab2f70
 Begin Bits: [0x0000000012130000, 0x0000000013130000)
 End Bits:   [0x0000000013130000, 0x0000000014130000)

Polling page: 0x0000000000520000

CodeCache: size=245760Kb used=8293Kb max_used=8293Kb free=237466Kb
 bounds [0x0000000002600000, 0x0000000002e30000, 0x0000000011600000]
 total_blobs=2107 nmethods=1836 adapters=183
 compilation: enabled

Compilation events (10 events):
Event: 9.609 Thread 0x000000001608b000 1973       2       java.util.HashMap::values (27 bytes)
Event: 9.610 Thread 0x000000001608b000 nmethod 1973 0x0000000002dfb490 code [0x0000000002dfb5e0, 0x0000000002dfb7d0]
Event: 9.610 Thread 0x000000001608b000 1974       2       java.util.HashMap$Values::<init> (10 bytes)
Event: 9.610 Thread 0x000000001608b000 nmethod 1974 0x0000000002e202d0 code [0x0000000002e20420, 0x0000000002e20590]
Event: 9.610 Thread 0x000000001608b000 1975       2       java.util.HashMap$Values::iterator (12 bytes)
Event: 9.610 Thread 0x000000001608b000 nmethod 1975 0x0000000002e20610 code [0x0000000002e20780, 0x0000000002e20968]
Event: 9.611 Thread 0x000000001608b000 1976       2       com.android.dx.cf.code.Ropper$CatchInfo::<init> (6 bytes)
Event: 9.612 Thread 0x000000001608b000 nmethod 1976 0x0000000002e20a10 code [0x0000000002e20b60, 0x0000000002e20d30]
Event: 9.612 Thread 0x000000001608b000 1977       2       com.android.dx.cf.code.Ropper$CatchInfo::<init> (21 bytes)
Event: 9.612 Thread 0x000000001608b000 nmethod 1977 0x0000000002e20e10 code [0x0000000002e20f60, 0x0000000002e21130]

GC Heap History (8 events):
Event: 2.225 GC heap before
{Heap before GC invocations=1 (full 0):
 PSYoungGen      total 38400K, used 33279K [0x00000000eab00000, 0x00000000ed580000, 0x0000000100000000)
  eden space 33280K, 99% used [0x00000000eab00000,0x00000000ecb7fff8,0x00000000ecb80000)
  from space 5120K, 0% used [0x00000000ed080000,0x00000000ed080000,0x00000000ed580000)
  to   space 5120K, 0% used [0x00000000ecb80000,0x00000000ecb80000,0x00000000ed080000)
 ParOldGen       total 87552K, used 0K [0x00000000c0000000, 0x00000000c5580000, 0x00000000eab00000)
  object space 87552K, 0% used [0x00000000c0000000,0x00000000c0000000,0x00000000c5580000)
 Metaspace       used 5929K, capacity 6838K, committed 7040K, reserved 1056768K
  class space    used 597K, capacity 622K, committed 640K, reserved 1048576K
Event: 2.281 GC heap after
Heap after GC invocations=1 (full 0):
 PSYoungGen      total 38400K, used 5102K [0x00000000eab00000, 0x00000000ef600000, 0x0000000100000000)
  eden space 33280K, 0% used [0x00000000eab00000,0x00000000eab00000,0x00000000ecb80000)
  from space 5120K, 99% used [0x00000000ecb80000,0x00000000ed07b9d0,0x00000000ed080000)
  to   space 5120K, 0% used [0x00000000ef100000,0x00000000ef100000,0x00000000ef600000)
 ParOldGen       total 87552K, used 2455K [0x00000000c0000000, 0x00000000c5580000, 0x00000000eab00000)
  object space 87552K, 2% used [0x00000000c0000000,0x00000000c0265e50,0x00000000c5580000)
 Metaspace       used 5929K, capacity 6838K, committed 7040K, reserved 1056768K
  class space    used 597K, capacity 622K, committed 640K, reserved 1048576K
}
Event: 3.789 GC heap before
{Heap before GC invocations=2 (full 0):
 PSYoungGen      total 38400K, used 38382K [0x00000000eab00000, 0x00000000ef600000, 0x0000000100000000)
  eden space 33280K, 100% used [0x00000000eab00000,0x00000000ecb80000,0x00000000ecb80000)
  from space 5120K, 99% used [0x00000000ecb80000,0x00000000ed07b9d0,0x00000000ed080000)
  to   space 5120K, 0% used [0x00000000ef100000,0x00000000ef100000,0x00000000ef600000)
 ParOldGen       total 87552K, used 2455K [0x00000000c0000000, 0x00000000c5580000, 0x00000000eab00000)
  object space 87552K, 2% used [0x00000000c0000000,0x00000000c0265e50,0x00000000c5580000)
 Metaspace       used 6166K, capacity 7030K, committed 7296K, reserved 1056768K
  class space    used 598K, capacity 622K, committed 640K, reserved 1048576K
Event: 3.808 GC heap after
Heap after GC invocations=2 (full 0):
 PSYoungGen      total 71680K, used 5090K [0x00000000eab00000, 0x00000000ef600000, 0x0000000100000000)
  eden space 66560K, 0% used [0x00000000eab00000,0x00000000eab00000,0x00000000eec00000)
  from space 5120K, 99% used [0x00000000ef100000,0x00000000ef5f8ba0,0x00000000ef600000)
  to   space 5120K, 0% used [0x00000000eec00000,0x00000000eec00000,0x00000000ef100000)
 ParOldGen       total 87552K, used 7520K [0x00000000c0000000, 0x00000000c5580000, 0x00000000eab00000)
  object space 87552K, 8% used [0x00000000c0000000,0x00000000c0758040,0x00000000c5580000)
 Metaspace       used 6166K, capacity 7030K, committed 7296K, reserved 1056768K
  class space    used 598K, capacity 622K, committed 640K, reserved 1048576K
}
Event: 6.196 GC heap before
{Heap before GC invocations=3 (full 0):
 PSYoungGen      total 71680K, used 71650K [0x00000000eab00000, 0x00000000ef600000, 0x0000000100000000)
  eden space 66560K, 100% used [0x00000000eab00000,0x00000000eec00000,0x00000000eec00000)
  from space 5120K, 99% used [0x00000000ef100000,0x00000000ef5f8ba0,0x00000000ef600000)
  to   space 5120K, 0% used [0x00000000eec00000,0x00000000eec00000,0x00000000ef100000)
 ParOldGen       total 87552K, used 7520K [0x00000000c0000000, 0x00000000c5580000, 0x00000000eab00000)
  object space 87552K, 8% used [0x00000000c0000000,0x00000000c0758040,0x00000000c5580000)
 Metaspace       used 6355K, capacity 7128K, committed 7424K, reserved 1056768K
  class space    used 619K, capacity 656K, committed 768K, reserved 1048576K
Event: 6.358 GC heap after
Heap after GC invocations=3 (full 0):
 PSYoungGen      total 71680K, used 5114K [0x00000000eab00000, 0x00000000f3700000, 0x0000000100000000)
  eden space 66560K, 0% used [0x00000000eab00000,0x00000000eab00000,0x00000000eec00000)
  from space 5120K, 99% used [0x00000000eec00000,0x00000000ef0fe990,0x00000000ef100000)
  to   space 5120K, 0% used [0x00000000f3200000,0x00000000f3200000,0x00000000f3700000)
 ParOldGen       total 87552K, used 17410K [0x00000000c0000000, 0x00000000c5580000, 0x00000000eab00000)
  object space 87552K, 19% used [0x00000000c0000000,0x00000000c1100850,0x00000000c5580000)
 Metaspace       used 6355K, capacity 7128K, committed 7424K, reserved 1056768K
  class space    used 619K, capacity 656K, committed 768K, reserved 1048576K
}
Event: 9.451 GC heap before
{Heap before GC invocations=4 (full 0):
 PSYoungGen      total 71680K, used 71674K [0x00000000eab00000, 0x00000000f3700000, 0x0000000100000000)
  eden space 66560K, 100% used [0x00000000eab00000,0x00000000eec00000,0x00000000eec00000)
  from space 5120K, 99% used [0x00000000eec00000,0x00000000ef0fe990,0x00000000ef100000)
  to   space 5120K, 0% used [0x00000000f3200000,0x00000000f3200000,0x00000000f3700000)
 ParOldGen       total 87552K, used 17410K [0x00000000c0000000, 0x00000000c5580000, 0x00000000eab00000)
  object space 87552K, 19% used [0x00000000c0000000,0x00000000c1100850,0x00000000c5580000)
 Metaspace       used 6420K, capacity 7128K, committed 7424K, reserved 1056768K
  class space    used 619K, capacity 656K, committed 768K, reserved 1048576K
Event: 9.484 GC heap after
Heap after GC invocations=4 (full 0):
 PSYoungGen      total 138240K, used 5117K [0x00000000eab00000, 0x00000000f3700000, 0x0000000100000000)
  eden space 133120K, 0% used [0x00000000eab00000,0x00000000eab00000,0x00000000f2d00000)
  from space 5120K, 99% used [0x00000000f3200000,0x00000000f36ff458,0x00000000f3700000)
  to   space 5120K, 0% used [0x00000000f2d00000,0x00000000f2d00000,0x00000000f3200000)
 ParOldGen       total 87552K, used 26668K [0x00000000c0000000, 0x00000000c5580000, 0x00000000eab00000)
  object space 87552K, 30% used [0x00000000c0000000,0x00000000c1a0b280,0x00000000c5580000)
 Metaspace       used 6420K, capacity 7128K, committed 7424K, reserved 1056768K
  class space    used 619K, capacity 656K, committed 768K, reserved 1048576K
}

Deoptimization events (10 events):
Event: 6.162 Thread 0x00000000162b5800 Uncommon trap: reason=bimorphic action=maybe_recompile pc=0x0000000002ceb074 method=com.android.dx.cf.code.BytecodeArray.parseInstruction(ILcom/android/dx/cf/code/BytecodeArray$Visitor;)I @ 1357
Event: 6.163 Thread 0x00000000162b5800 Uncommon trap: reason=bimorphic action=maybe_recompile pc=0x0000000002ceb074 method=com.android.dx.cf.code.BytecodeArray.parseInstruction(ILcom/android/dx/cf/code/BytecodeArray$Visitor;)I @ 1357
Event: 7.255 Thread 0x000000000204d800 Uncommon trap: reason=bimorphic action=maybe_recompile pc=0x0000000002d49580 method=com.android.dx.cf.code.BytecodeArray.parseInstruction(ILcom/android/dx/cf/code/BytecodeArray$Visitor;)I @ 2135
Event: 7.255 Thread 0x000000000204d800 Uncommon trap: reason=bimorphic action=maybe_recompile pc=0x0000000002d49580 method=com.android.dx.cf.code.BytecodeArray.parseInstruction(ILcom/android/dx/cf/code/BytecodeArray$Visitor;)I @ 2135
Event: 9.215 Thread 0x00000000162b6000 Uncommon trap: reason=unstable_if action=reinterpret pc=0x0000000002d1397c method=java.util.HashMap.putVal(ILjava/lang/Object;Ljava/lang/Object;ZZ)Ljava/lang/Object; @ 109
Event: 9.251 Thread 0x00000000162b5800 Uncommon trap: reason=bimorphic action=maybe_recompile pc=0x0000000002d8adc0 method=com.android.dx.cf.code.BytecodeArray.parseInstruction(ILcom/android/dx/cf/code/BytecodeArray$Visitor;)I @ 1161
Event: 9.251 Thread 0x00000000162b5800 Uncommon trap: reason=bimorphic action=maybe_recompile pc=0x0000000002d8adc0 method=com.android.dx.cf.code.BytecodeArray.parseInstruction(ILcom/android/dx/cf/code/BytecodeArray$Visitor;)I @ 1161
Event: 9.261 Thread 0x00000000162b6000 Uncommon trap: reason=class_check action=maybe_recompile pc=0x0000000002b494a4 method=com.android.dx.ssa.SCCP.simulateBranch(Lcom/android/dx/ssa/SsaInsn;)V @ 145
Event: 9.500 Thread 0x00000000162b0800 Uncommon trap: reason=class_check action=maybe_recompile pc=0x0000000002b494a4 method=com.android.dx.ssa.SCCP.simulateBranch(Lcom/android/dx/ssa/SsaInsn;)V @ 145
Event: 9.501 Thread 0x00000000162b0800 Uncommon trap: reason=class_check action=maybe_recompile pc=0x0000000002b494a4 method=com.android.dx.ssa.SCCP.simulateBranch(Lcom/android/dx/ssa/SsaInsn;)V @ 145

Internal exceptions (6 events):
Event: 0.073 Thread 0x000000000204d800 Exception <a 'java/lang/NoSuchMethodError': Method sun.misc.Unsafe.defineClass(Ljava/lang/String;[BII)Ljava/lang/Class; name or signature does not match> (0x00000000eab07cc0) thrown at [C:\re\workspace\8-2-build-windows-amd64-cygwin\jdk8u91\7017\hotspot\sr	JTÂÿÅ²?
Event: 0.073 Thread 0x000000000204d800 Exception <a 'java/lang/NoSuchMethodError': Method sun.misc.Unsafe.prefetchRead(Ljava/lang/Object;J)V name or signature does not match> (0x00000000eab07fa8) thrown at [C:\re\workspace\8-2-build-windows-amd64-cygwin\jdk8u91\7017\hotspot\src\share\vm\prims\j
Event: 1.851 Thread 0x000000000204d800 Implicit null exception at 0x00000000028f70e2 to 0x00000000028f71da
Event: 5.948 Thread 0x00000000162b5800 Exception <a 'java/lang/ArrayIndexOutOfBoundsException': 18> (0x00000000edd1f2c8) thrown at [C:\re\workspace\8-2-build-windows-amd64-cygwin\jdk8u91\7017\hotspot\src\share\vm\interpreter\interpreterRuntime.cpp, line 366]
Event: 5.949 Thread 0x00000000162b5800 Exception <a 'java/lang/ArrayIndexOutOfBoundsException'> (0x00000000edd20e48) thrown at [C:\re\workspace\8-2-build-windows-amd64-cygwin\jdk8u91\7017\hotspot\src\share\vm\runtime\sharedRuntime.cpp, line 605]
Event: 5.950 Thread 0x00000000162b5800 Exception <a 'java/lang/ArrayIndexOutOfBoundsException'> (0x00000000edd22130) thrown at [C:\re\workspace\8-2-build-windows-amd64-cygwin\jdk8u91\7017\hotspot\src\share\vm\runtime\sharedRuntime.cpp, line 605]

Events (10 events):
Event: 9.261 Thread 0x00000000162b6000 DEOPT PACKING pc=0x0000000002b494a4 sp=0x0000000016f2e8e0
Event: 9.261 Thread 0x00000000162b6000 DEOPT UNPACKING pc=0x000000000264582a sp=0x0000000016f2e8a8 mode 2
Event: 9.331 Executing VM operation: ParallelGCFailedAllocation
Event: 9.484 Executing VM operation: ParallelGCFailedAllocation done
Event: 9.500 Thread 0x00000000162b0800 Uncommon trap: trap_request=0xffffffde fr.pc=0x0000000002b494a4
Event: 9.500 Thread 0x00000000162b0800 DEOPT PACKING pc=0x0000000002b494a4 sp=0x0000000016c2e890
Event: 9.501 Thread 0x00000000162b0800 DEOPT UNPACKING pc=0x000000000264582a sp=0x0000000016c2e858 mode 2
Event: 9.501 Thread 0x00000000162b0800 Uncommon trap: trap_request=0xffffffde fr.pc=0x0000000002b494a4
Event: 9.501 Thread 0x00000000162b0800 DEOPT PACKING pc=0x0000000002b494a4 sp=0x0000000016c2e890
Event: 9.501 Thread 0x00000000162b0800 DEOPT UNPACKING pc=0x000000000264582a sp=0x0000000016c2e858 mode 2


Dynamic libraries:
0x00007ff6df510000 - 0x00007ff6df547000 	C:\Program Files\Java\jdk1.8.0_91\bin\java.exe
0x00007fff3d820000 - 0x00007fff3d9e1000 	C:\WINDOWS\SYSTEM32\ntdll.dll
0x00007fff3d480000 - 0x00007fff3d52d000 	C:\WINDOWS\system32\KERNEL32.DLL
0x00007fff3aa30000 - 0x00007fff3ac18000 	C:\WINDOWS\system32\KERNELBASE.dll
0x00007fff3c550000 - 0x00007fff3c5f7000 	C:\WINDOWS\system32\ADVAPI32.dll
0x00007fff3ca40000 - 0x00007fff3cadd000 	C:\WINDOWS\system32\msvcrt.dll
0x00007fff3ccd0000 - 0x00007fff3cd2b000 	C:\WINDOWS\system32\sechost.dll
0x00007fff3cae0000 - 0x00007fff3cbfc000 	C:\WINDOWS\system32\RPCRT4.dll
0x00007fff3c2a0000 - 0x00007fff3c3f6000 	C:\WINDOWS\system32\USER32.dll
0x00007fff3d100000 - 0x00007fff3d286000 	C:\WINDOWS\system32\GDI32.dll
0x00007fff2d2a0000 - 0x00007fff2d514000 	C:\WINDOWS\WinSxS\amd64_microsoft.windows.common-controls_6595b64144ccf1df_6.0.10586.0_none_8c15ae12515e1c22\COMCTL32.dll
0x00007fff3d530000 - 0x00007fff3d7ad000 	C:\WINDOWS\system32\combase.dll
0x00007fff3a9c0000 - 0x00007fff3aa2a000 	C:\WINDOWS\system32\bcryptPrimitives.dll
0x00007fff3d440000 - 0x00007fff3d47b000 	C:\WINDOWS\system32\IMM32.DLL
0x0000000065e80000 - 0x0000000065f52000 	C:\Program Files\Java\jdk1.8.0_91\jre\bin\msvcr100.dll
0x00000000662a0000 - 0x0000000066b33000 	C:\Program Files\Java\jdk1.8.0_91\jre\bin\server\jvm.dll
0x00007fff3c290000 - 0x00007fff3c298000 	C:\WINDOWS\system32\PSAPI.DLL
0x00007fff227f0000 - 0x00007fff227f9000 	C:\WINDOWS\SYSTEM32\WSOCK32.dll
0x00007fff3cc60000 - 0x00007fff3cccb000 	C:\WINDOWS\system32\WS2_32.dll
0x00007fff38630000 - 0x00007fff38653000 	C:\WINDOWS\SYSTEM32\WINMM.dll
0x00007fff37070000 - 0x00007fff3707a000 	C:\WINDOWS\SYSTEM32\VERSION.dll
0x00007fff38210000 - 0x00007fff3823c000 	C:\WINDOWS\SYSTEM32\WINMMBASE.dll
0x00007fff3a150000 - 0x00007fff3a193000 	C:\WINDOWS\system32\cfgmgr32.dll
0x0000000068d90000 - 0x0000000068d9f000 	C:\Program Files\Java\jdk1.8.0_91\jre\bin\verify.dll
0x0000000068d60000 - 0x0000000068d89000 	C:\Program Files\Java\jdk1.8.0_91\jre\bin\java.dll
0x0000000068d40000 - 0x0000000068d56000 	C:\Program Files\Java\jdk1.8.0_91\jre\bin\zip.dll
0x00007fff3ac20000 - 0x00007fff3c17c000 	C:\WINDOWS\system32\SHELL32.dll
0x00007fff3a1a0000 - 0x00007fff3a7e4000 	C:\WINDOWS\system32\windows.storage.dll
0x00007fff3c180000 - 0x00007fff3c1d2000 	C:\WINDOWS\system32\shlwapi.dll
0x00007fff39ec0000 - 0x00007fff39ecf000 	C:\WINDOWS\system32\kernel.appcore.dll
0x00007fff3a8a0000 - 0x00007fff3a955000 	C:\WINDOWS\system32\shcore.dll
0x00007fff39e60000 - 0x00007fff39eab000 	C:\WINDOWS\system32\powrprof.dll
0x00007fff39e40000 - 0x00007fff39e54000 	C:\WINDOWS\system32\profapi.dll

VM Arguments:
jvm_args: -Djava.awt.headless=true -Xmx1024M -Dfile.encoding=GBK -Duser.country=CN -Duser.language=zh -Duser.variant 
java_command: com.android.dx.command.Main --dex --force-jumbo --num-threads=4 --multi-dex --output E:\Java_workplace\EduMap2\app\build\intermediates\transforms\dex\debug\folders\1000\2\AMap_3DMap_V3.3.1_20160419_3f39f9d60d3558885526a34afa0c32c1e39ebaeb E:\Java_workplace\EduMap2\app\libs\AMap_3DMap_V3.3.1_20160419.jar
java_class_path (initial): E:\AndroidSDK\build-tools\23.0.2\lib\dx.jar
Launcher Type: SUN_STANDARD

Environment Variables:
JAVA_HOME=C:\Program Files\Java\jdk1.8.0_91
CLASSPATH=.;C:\Program Files\Java\jdk1.8.0_91\lib;C:\Program Files\Java\jdk1.8.0_91\lib\tools.jar
PATH=C:\Program Files\Java\jdk1.8.0_91\bin;C:\Program Files\Java\jdk1.8.0_91\jre\bin;E:\python3.4;C:\Program Files (x86)\Intel\iCLS Client\;C:\Program Files\Intel\iCLS Client\;C:\WINDOWS\system32;C:\WINDOWS;C:\WINDOWS\System32\Wbem;C:\WINDOWS\System32\WindowsPowerShell\v1.0\;C:\Program Files\Intel\Intel(R) Management Engine Components\DAL;C:\Program Files\Intel\Intel(R) Management Engine Components\IPT;C:\Program Files (x86)\Intel\Intel(R) Management Engine Components\DAL;C:\Program Files (x86)\Intel\Intel(R) Management Engine Components\IPT;C:\Program Files (x86)\ATI Technologies\ATI.ACE\Core-Static;C:\Program Files\Lenovo\Bluetooth Software\;C:\Program Files\Lenovo\Bluetooth Software\syswow64;C:\Program Files (x86)\Lenovo\Lenovo Home\;C:\Program Files (x86)\Microsoft SQL Server\100\Tools\Binn\;C:\Program Files\Microsoft SQL Server\100\Tools\Binn\;C:\Program Files\Microsoft SQL Server\100\DTS\Binn\;D:\runtime\win64;D:\ATI.ACE\Core-Static;e:\\bin\win32;D:\bin;C:\Program Files (x86)\Common Files\Autodesk Shared\;C:\Program Files (x86)\backburner 2\;E:\matlab-New\runtime\win64;E:\matlab-New\bin
USERNAME=admin
OS=Windows_NT
PROCESSOR_IDENTIFIER=Intel64 Family 6 Model 69 Stepping 1, GenuineIntel



---------------  S Y S T E M  ---------------

OS: Windows 10.0 , 64 bit Build 10586 (10.0.10586.0)

CPU:total 4 (2 cores per cpu, 2 threads per core) family 6 model 69 stepping 1, cmov, cx8, fxsr, mmx, sse, sse2, sse3, ssse3, sse4.1, sse4.2, popcnt, avx, avx2, aes, clmul, erms, lzcnt, ht, tsc, tscinvbit, bmi1, bmi2

Memory: 4k page, physical 8295384k(1898028k free), swap 10249176k(5232k free)

vm_info: Java HotSpot(TM) 64-Bit Server VM (25.91-b15) for windows-amd64 JRE (1.8.0_91-b15), built on May 20 2016 17:43:15 by "java_re" with MS VC++ 10.0 (VS2010)

time: Sun Jun 19 13:45:56 2016
elapsed time: 9 seconds (0d 0h 0m 9s)

