#
# There is insufficient memory for the Java Runtime Environment to continue.
# Native memory allocation (malloc) failed to allocate 65552 bytes for Chunk::new
# Possible reasons:
#   The system is out of physical RAM or swap space
#   In 32 bit mode, the process size limit was hit
# Possible solutions:
#   Reduce memory load on the system
#   Increase physical memory or swap space
#   Check if swap backing store is full
#   Use 64 bit Java on a 64 bit OS
#   Decrease Java heap size (-Xmx/-Xms)
#   Decrease number of Java threads
#   Decrease Java thread stack sizes (-Xss)
#   Set larger code cache with -XX:ReservedCodeCacheSize=
# This output file may be truncated or incomplete.
#
#  Out of Memory Error (allocation.cpp:390), pid=8264, tid=10420
#
# JRE version: Java(TM) SE Runtime Environment (8.0_91-b15) (build 1.8.0_91-b15)
# Java VM: Java HotSpot(TM) 64-Bit Server VM (25.91-b15 mixed mode windows-amd64 compressed oops)
# Failed to write core dump. Minidumps are not enabled by default on client versions of Windows
#

---------------  T H R E A D  ---------------

Current thread (0x0000000014c58000):  JavaThread "C2 CompilerThread0" daemon [_thread_in_native, id=10420, stack(0x00000000165c0000,0x00000000166c0000)]

Stack: [0x00000000165c0000,0x00000000166c0000]
[error occurred during error reporting (printing stack bounds), id 0xc0000005]

Native frames: (J=compiled Java code, j=interpreted, Vv=VM code, C=native code)


Current CompileTask:
C2:   3990 1182 %     4       com.android.dx.ssa.SsaMethod::computeReachability @ 8 (131 bytes)


---------------  P R O C E S S  ---------------

Java Threads: ( => current thread )
  0x00000000162a2000 JavaThread "pool-2-thread-4" [_thread_blocked, id=7872, stack(0x0000000016ec0000,0x0000000016fc0000)]
  0x000000001629e800 JavaThread "pool-2-thread-3" [_thread_in_Java, id=3320, stack(0x0000000016dc0000,0x0000000016ec0000)]
  0x000000001629d800 JavaThread "pool-2-thread-2" [_thread_in_Java, id=10560, stack(0x0000000016cc0000,0x0000000016dc0000)]
  0x000000001629b000 JavaThread "pool-3-thread-1" [_thread_blocked, id=10672, stack(0x0000000016bc0000,0x0000000016cc0000)]
  0x00000000162b7000 JavaThread "pool-2-thread-1" [_thread_in_Java, id=8616, stack(0x0000000016ac0000,0x0000000016bc0000)]
  0x0000000016032000 JavaThread "Service Thread" daemon [_thread_blocked, id=10756, stack(0x00000000168c0000,0x00000000169c0000)]
  0x000000001600d800 JavaThread "C1 CompilerThread2" daemon [_thread_in_vm, id=9248, stack(0x00000000167c0000,0x00000000168c0000)]
  0x0000000014c5e800 JavaThread "C2 CompilerThread1" daemon [_thread_in_native, id=3324, stack(0x00000000166c0000,0x00000000167c0000)]
=>0x0000000014c58000 JavaThread "C2 CompilerThread0" daemon [_thread_in_native, id=10420, stack(0x00000000165c0000,0x00000000166c0000)]
  0x0000000014c0d000 JavaThread "Attach Listener" daemon [_thread_blocked, id=1692, stack(0x00000000164c0000,0x00000000165c0000)]
  0x0000000014c0c000 JavaThread "Signal Dispatcher" daemon [_thread_blocked, id=10548, stack(0x00000000163c0000,0x00000000164c0000)]
  0x0000000014bea800 JavaThread "Finalizer" daemon [_thread_blocked, id=3292, stack(0x0000000015e60000,0x0000000015f60000)]
  0x000000000251f800 JavaThread "Reference Handler" daemon [_thread_blocked, id=10544, stack(0x0000000015d60000,0x0000000015e60000)]
  0x00000000020bd800 JavaThread "main" [_thread_blocked, id=10124, stack(0x0000000001fb0000,0x00000000020b0000)]

Other Threads:
  0x0000000014bc8800 VMThread [stack: 0x0000000015c60000,0x0000000015d60000] [id=3992]
  0x000000001606c800 WatcherThread [stack: 0x00000000169c0000,0x0000000016ac0000] [id=10000]

VM state:not at safepoint (normal execution)

VM Mutex/Monitor currently owned by a thread: None

Heap:
 PSYoungGen      total 38400K, used 32910K [0x00000000eab00000, 0x00000000ed580000, 0x0000000100000000)
  eden space 33280K, 98% used [0x00000000eab00000,0x00000000ecb23b40,0x00000000ecb80000)
  from space 5120K, 0% used [0x00000000ed080000,0x00000000ed080000,0x00000000ed580000)
  to   space 5120K, 0% used [0x00000000ecb80000,0x00000000ecb80000,0x00000000ed080000)
 ParOldGen       total 87552K, used 0K [0x00000000c0000000, 0x00000000c5580000, 0x00000000eab00000)
  object space 87552K, 0% used [0x00000000c0000000,0x00000000c0000000,0x00000000c5580000)
 Metaspace       used 6018K, capacity 6902K, committed 7040K, reserved 1056768K
  class space    used 602K, capacity 622K, committed 640K, reserved 1048576K

Card table byte_map: [0x00000000118f0000,0x0000000011b00000] byte_map_base: 0x00000000112f0000

Marking Bits: (ParMarkBitMap*) 0x0000000066ab2f70
 Begin Bits: [0x0000000012060000, 0x0000000013060000)
 End Bits:   [0x0000000013060000, 0x0000000014060000)

Polling page: 0x0000000000450000

CodeCache: size=245760Kb used=4824Kb max_used=4824Kb free=240935Kb
 bounds [0x0000000002530000, 0x00000000029f0000, 0x0000000011530000]
 total_blobs=1472 nmethods=1202 adapters=183
 compilation: enabled

Compilation events (10 events):
Event: 3.973 Thread 0x000000001600d800 1197       1       com.android.dx.rop.code.ThrowingInsn::getCatches (5 bytes)
Event: 3.973 Thread 0x000000001600d800 nmethod 1197 0x00000000029df950 code [0x00000000029dfaa0, 0x00000000029dfbb0]
Event: 3.975 Thread 0x000000001600d800 1206       3       com.android.dx.ssa.NormalSsaInsn::canThrow (8 bytes)
Event: 3.975 Thread 0x000000001600d800 nmethod 1206 0x00000000029dfc10 code [0x00000000029dfda0, 0x00000000029e01e8]
Event: 3.975 Thread 0x000000001600d800 1204       3       com.android.dx.rop.cst.CstMethodRef::<init> (7 bytes)
Event: 3.976 Thread 0x000000001600d800 nmethod 1204 0x00000000029e0390 code [0x00000000029e0520, 0x00000000029e0938]
Event: 3.976 Thread 0x000000001600d800 1205       3       java.util.TreeMap$Values::<init> (10 bytes)
Event: 3.976 Thread 0x000000001600d800 nmethod 1205 0x00000000029e0ad0 code [0x00000000029e0c40, 0x00000000029e0e70]
Event: 3.976 Thread 0x000000001600d800 1207       3       com.android.dx.ssa.ConstCollector$2::map (28 bytes)
Event: 3.976 Thread 0x000000001600d800 nmethod 1207 0x00000000029e0f50 code [0x00000000029e10c0, 0x00000000029e14e8]

GC Heap History (0 events):
No events

Deoptimization events (2 events):
Event: 2.768 Thread 0x00000000162a2000 Uncommon trap: reason=class_check action=maybe_recompile pc=0x00000000027b70b0 method=com.android.dx.ssa.NormalSsaInsn.accept(Lcom/android/dx/ssa/SsaInsn$Visitor;)V @ 9
Event: 2.949 Thread 0x00000000162a2000 Uncommon trap: reason=null_check action=make_not_entrant pc=0x000000000284f468 method=com.android.dx.rop.type.Type.equals(Ljava/lang/Object;)Z @ 8

Internal exceptions (3 events):
Event: 0.333 Thread 0x00000000020bd800 Exception <a 'java/lang/NoSuchMethodError': Method sun.misc.Unsafe.defineClass(Ljava/lang/String;[BII)Ljava/lang/Class; name or signature does not match> (0x00000000eab07cc0) thrown at [C:\re\workspace\8-2-build-windows-amd64-cygwin\jdk8u91\7017\hotspot\sr∂ŸkvP’?
Event: 0.333 Thread 0x00000000020bd800 Exception <a 'java/lang/NoSuchMethodError': Method sun.misc.Unsafe.prefetchRead(Ljava/lang/Object;J)V name or signature does not match> (0x00000000eab07fa8) thrown at [C:\re\workspace\8-2-build-windows-amd64-cygwin\jdk8u91\7017\hotspot\src\share\vm\prims\j≠≈ÂÅò@
Event: 2.949 Thread 0x00000000162a2000 Implicit null exception at 0x000000000284f362 to 0x000000000284f45a

Events (10 events):
Event: 2.914 loading class com/android/dx/cf/attrib/BaseAnnotations done
Event: 2.949 Thread 0x00000000162a2000 Uncommon trap: trap_request=0xfffffff4 fr.pc=0x000000000284f468
Event: 2.949 Thread 0x00000000162a2000 DEOPT PACKING pc=0x000000000284f468 sp=0x0000000016fbec40
Event: 2.949 Thread 0x00000000162a2000 DEOPT UNPACKING pc=0x000000000257582a sp=0x0000000016fbebc8 mode 2
Event: 2.963 loading class com/android/dx/rop/code/RegOps
Event: 2.963 loading class com/android/dx/rop/code/RegOps done
Event: 2.965 loading class java/util/DualPivotQuicksort
Event: 2.965 loading class java/util/DualPivotQuicksort done
Event: 3.852 Thread 0x00000000162b7000 DEOPT PACKING pc=0x00000000027a1aca sp=0x0000000016bbe4e0
Event: 3.852 Thread 0x00000000162b7000 DEOPT UNPACKING pc=0x000000000257787f sp=0x0000000016bbe248 mode 0


Dynamic libraries:
0x00007ff6df510000 - 0x00007ff6df547000 	C:\Program Files\Java\jdk1.8.0_91\bin\java.exe
0x00007fff3d820000 - 0x00007fff3d9e1000 	C:\WINDOWS\SYSTEM32\ntdll.dll
0x00007fff3d480000 - 0x00007fff3d52d000 	C:\WINDOWS\system32\KERNEL32.DLL
0x00007fff3aa30000 - 0x00007fff3ac18000 	C:\WINDOWS\system32\KERNELBASE.dll
0x00007fff3c550000 - 0x00007fff3c5f7000 	C:\WINDOWS\system32\ADVAPI32.dll
0x00007fff3ca40000 - 0x00007fff3cadd000 	C:\WINDOWS\system32\msvcrt.dll
0x00007fff3ccd0000 - 0x00007fff3cd2b000 	C:\WINDOWS\system32\sechost.dll
0x00007fff3cae0000 - 0x00007fff3cbfc000 	C:\WINDOWS\system32\RPCRT4.dll
0x00007fff3c2a0000 - 0x00007fff3c3f6000 	C:\WINDOWS\system32\USER32.dll
0x00007fff3d100000 - 0x00007fff3d286000 	C:\WINDOWS\system32\GDI32.dll
0x00007fff2d2a0000 - 0x00007fff2d514000 	C:\WINDOWS\WinSxS\amd64_microsoft.windows.common-controls_6595b64144ccf1df_6.0.10586.0_none_8c15ae12515e1c22\COMCTL32.dll
0x00007fff3d530000 - 0x00007fff3d7ad000 	C:\WINDOWS\system32\combase.dll
0x00007fff3a9c0000 - 0x00007fff3aa2a000 	C:\WINDOWS\system32\bcryptPrimitives.dll
0x00007fff3d440000 - 0x00007fff3d47b000 	C:\WINDOWS\system32\IMM32.DLL
0x0000000065e80000 - 0x0000000065f52000 	C:\Program Files\Java\jdk1.8.0_91\jre\bin\msvcr100.dll
0x00000000662a0000 - 0x0000000066b33000 	C:\Program Files\Java\jdk1.8.0_91\jre\bin\server\jvm.dll
0x00007fff3c290000 - 0x00007fff3c298000 	C:\WINDOWS\system32\PSAPI.DLL
0x00007fff227f0000 - 0x00007fff227f9000 	C:\WINDOWS\SYSTEM32\WSOCK32.dll
0x00007fff3cc60000 - 0x00007fff3cccb000 	C:\WINDOWS\system32\WS2_32.dll
0x00007fff38630000 - 0x00007fff38653000 	C:\WINDOWS\SYSTEM32\WINMM.dll
0x00007fff37070000 - 0x00007fff3707a000 	C:\WINDOWS\SYSTEM32\VERSION.dll
0x00007fff38210000 - 0x00007fff3823c000 	C:\WINDOWS\SYSTEM32\WINMMBASE.dll
0x00007fff3a150000 - 0x00007fff3a193000 	C:\WINDOWS\system32\cfgmgr32.dll
0x0000000068d90000 - 0x0000000068d9f000 	C:\Program Files\Java\jdk1.8.0_91\jre\bin\verify.dll
0x0000000068d60000 - 0x0000000068d89000 	C:\Program Files\Java\jdk1.8.0_91\jre\bin\java.dll
0x0000000068d40000 - 0x0000000068d56000 	C:\Program Files\Java\jdk1.8.0_91\jre\bin\zip.dll
0x00007fff3ac20000 - 0x00007fff3c17c000 	C:\WINDOWS\system32\SHELL32.dll
0x00007fff3a1a0000 - 0x00007fff3a7e4000 	C:\WINDOWS\system32\windows.storage.dll
0x00007fff3c180000 - 0x00007fff3c1d2000 	C:\WINDOWS\system32\shlwapi.dll
0x00007fff39ec0000 - 0x00007fff39ecf000 	C:\WINDOWS\system32\kernel.appcore.dll
0x00007fff3a8a0000 - 0x00007fff3a955000 	C:\WINDOWS\system32\shcore.dll
0x00007fff39e60000 - 0x00007fff39eab000 	C:\WINDOWS\system32\powrprof.dll
0x00007fff39e40000 - 0x00007fff39e54000 	C:\WINDOWS\system32\profapi.dll

VM Arguments:
jvm_args: -Djava.awt.headless=true -Xmx1024M -Dfile.encoding=GBK -Duser.country=CN -Duser.language=zh -Duser.variant 
java_command: com.android.dx.command.Main --dex --force-jumbo --num-threads=4 --multi-dex --output E:\Java_workplace\EduMap2\app\build\intermediates\transforms\dex\debug\folders\1000\2\AMap_Location_V2.4.1_20160414_b4625f10769c9d901b55fcc360a843c4079ae876 E:\Java_workplace\EduMap2\app\libs\AMap_Location_V2.4.1_20160414.jar
java_class_path (initial): E:\AndroidSDK\build-tools\23.0.2\lib\dx.jar
Launcher Type: SUN_STANDARD

Environment Variables:
JAVA_HOME=C:\Program Files\Java\jdk1.8.0_91
CLASSPATH=.;C:\Program Files\Java\jdk1.8.0_91\lib;C:\Program Files\Java\jdk1.8.0_91\lib\tools.jar
PATH=C:\Program Files\Java\jdk1.8.0_91\bin;C:\Program Files\Java\jdk1.8.0_91\jre\bin;E:\python3.4;C:\Program Files (x86)\Intel\iCLS Client\;C:\Program Files\Intel\iCLS Client\;C:\WINDOWS\system32;C:\WINDOWS;C:\WINDOWS\System32\Wbem;C:\WINDOWS\System32\WindowsPowerShell\v1.0\;C:\Program Files\Intel\Intel(R) Management Engine Components\DAL;C:\Program Files\Intel\Intel(R) Management Engine Components\IPT;C:\Program Files (x86)\Intel\Intel(R) Management Engine Components\DAL;C:\Program Files (x86)\Intel\Intel(R) Management Engine Components\IPT;C:\Program Files (x86)\ATI Technologies\ATI.ACE\Core-Static;C:\Program Files\Lenovo\Bluetooth Software\;C:\Program Files\Lenovo\Bluetooth Software\syswow64;C:\Program Files (x86)\Lenovo\Lenovo Home\;C:\Program Files (x86)\Microsoft SQL Server\100\Tools\Binn\;C:\Program Files\Microsoft SQL Server\100\Tools\Binn\;C:\Program Files\Microsoft SQL Server\100\DTS\Binn\;D:\runtime\win64;D:\ATI.ACE\Core-Static;e:\\bin\win32;D:\bin;C:\Program Files (x86)\Common Files\Autodesk Shared\;C:\Program Files (x86)\backburner 2\;E:\matlab-New\runtime\win64;E:\matlab-New\bin
USERNAME=admin
OS=Windows_NT
PROCESSOR_IDENTIFIER=Intel64 Family 6 Model 69 Stepping 1, GenuineIntel



---------------  S Y S T E M  ---------------

OS: Windows 10.0 , 64 bit Build 10586 (10.0.10586.0)

CPU:total 4 (2 cores per cpu, 2 threads per core) family 6 model 69 stepping 1, cmov, cx8, fxsr, mmx, sse, sse2, sse3, ssse3, sse4.1, sse4.2, popcnt, avx, avx2, aes, clmul, erms, lzcnt, ht, tsc, tscinvbit, bmi1, bmi2

Memory: 4k page, physical 8295384k(1964784k free), swap 10249176k(4160k free)

vm_info: Java HotSpot(TM) 64-Bit Server VM (25.91-b15) for windows-amd64 JRE (1.8.0_91-b15), built on May 20 2016 17:43:15 by "java_re" with MS VC++ 10.0 (VS2010)

time: Sun Jun 19 13:45:46 2016
elapsed time: 3 seconds (0d 0h 0m 3s)

