#
# There is insufficient memory for the Java Runtime Environment to continue.
# Native memory allocation (malloc) failed to allocate 1727136 bytes for Chunk::new
# Possible reasons:
#   The system is out of physical RAM or swap space
#   In 32 bit mode, the process size limit was hit
# Possible solutions:
#   Reduce memory load on the system
#   Increase physical memory or swap space
#   Check if swap backing store is full
#   Use 64 bit Java on a 64 bit OS
#   Decrease Java heap size (-Xmx/-Xms)
#   Decrease number of Java threads
#   Decrease Java thread stack sizes (-Xss)
#   Set larger code cache with -XX:ReservedCodeCacheSize=
# This output file may be truncated or incomplete.
#
#  Out of Memory Error (allocation.cpp:390), pid=7680, tid=6248
#
# JRE version: Java(TM) SE Runtime Environment (8.0_91-b15) (build 1.8.0_91-b15)
# Java VM: Java HotSpot(TM) 64-Bit Server VM (25.91-b15 mixed mode windows-amd64 compressed oops)
# Failed to write core dump. Minidumps are not enabled by default on client versions of Windows
#

---------------  T H R E A D  ---------------

Current thread (0x0000000014c3a800):  JavaThread "C2 CompilerThread1" daemon [_thread_in_native, id=6248, stack(0x00000000166d0000,0x00000000167d0000)]

Stack: [0x00000000166d0000,0x00000000167d0000]
[error occurred during error reporting (printing stack bounds), id 0xc0000005]

Native frames: (J=compiled Java code, j=interpreted, Vv=VM code, C=native code)


Current CompileTask:
C2:  12331 1744   !   4       com.android.dx.cf.code.Ropper::processBlock (1101 bytes)


---------------  P R O C E S S  ---------------

Java Threads: ( => current thread )
  0x00000000162cf800 JavaThread "pool-2-thread-4" [_thread_blocked, id=10692, stack(0x0000000016ed0000,0x0000000016fd0000)]
  0x00000000162cf000 JavaThread "pool-2-thread-3" [_thread_blocked, id=11204, stack(0x0000000016dd0000,0x0000000016ed0000)]
  0x00000000162ce000 JavaThread "pool-2-thread-2" [_thread_blocked, id=1476, stack(0x0000000016cd0000,0x0000000016dd0000)]
  0x00000000162cb000 JavaThread "pool-3-thread-1" [_thread_blocked, id=3304, stack(0x0000000016bd0000,0x0000000016cd0000)]
  0x00000000162ca800 JavaThread "pool-2-thread-1" [_thread_blocked, id=9572, stack(0x0000000016ad0000,0x0000000016bd0000)]
  0x000000001603a000 JavaThread "Service Thread" daemon [_thread_blocked, id=32, stack(0x00000000168d0000,0x00000000169d0000)]
  0x0000000016033000 JavaThread "C1 CompilerThread2" daemon [_thread_blocked, id=836, stack(0x00000000167d0000,0x00000000168d0000)]
=>0x0000000014c3a800 JavaThread "C2 CompilerThread1" daemon [_thread_in_native, id=6248, stack(0x00000000166d0000,0x00000000167d0000)]
  0x0000000014c38000 JavaThread "C2 CompilerThread0" daemon [_thread_in_native, id=10744, stack(0x00000000165d0000,0x00000000166d0000)]
  0x0000000014bed000 JavaThread "Attach Listener" daemon [_thread_blocked, id=4336, stack(0x00000000164d0000,0x00000000165d0000)]
  0x0000000014bec000 JavaThread "Signal Dispatcher" daemon [_thread_blocked, id=10124, stack(0x00000000163d0000,0x00000000164d0000)]
  0x0000000014bca000 JavaThread "Finalizer" daemon [_thread_blocked, id=3464, stack(0x0000000015e70000,0x0000000015f70000)]
  0x0000000014ba9000 JavaThread "Reference Handler" daemon [_thread_blocked, id=10680, stack(0x0000000015d70000,0x0000000015e70000)]
  0x000000000204d800 JavaThread "main" [_thread_blocked, id=10848, stack(0x0000000001f40000,0x0000000002040000)]

Other Threads:
  0x0000000014ba7800 VMThread [stack: 0x0000000015c70000,0x0000000015d70000] [id=7872]
  0x0000000016076000 WatcherThread [stack: 0x00000000169d0000,0x0000000016ad0000] [id=1712]

VM state:not at safepoint (normal execution)

VM Mutex/Monitor currently owned by a thread: None

Heap:
 PSYoungGen      total 71680K, used 6109K [0x00000000eab00000, 0x00000000ef600000, 0x0000000100000000)
  eden space 66560K, 1% used [0x00000000eab00000,0x00000000eabf9638,0x00000000eec00000)
  from space 5120K, 99% used [0x00000000eec00000,0x00000000ef0fdf90,0x00000000ef100000)
  to   space 5120K, 0% used [0x00000000ef100000,0x00000000ef100000,0x00000000ef600000)
 ParOldGen       total 87552K, used 16343K [0x00000000c0000000, 0x00000000c5580000, 0x00000000eab00000)
  object space 87552K, 18% used [0x00000000c0000000,0x00000000c0ff5cf0,0x00000000c5580000)
 Metaspace       used 6386K, capacity 7128K, committed 7424K, reserved 1056768K
  class space    used 621K, capacity 656K, committed 768K, reserved 1048576K

Card table byte_map: [0x00000000118d0000,0x0000000011ae0000] byte_map_base: 0x00000000112d0000

Marking Bits: (ParMarkBitMap*) 0x0000000066ab2f70
 Begin Bits: [0x0000000012040000, 0x0000000013040000)
 End Bits:   [0x0000000013040000, 0x0000000014040000)

Polling page: 0x0000000002050000

CodeCache: size=245760Kb used=7468Kb max_used=7468Kb free=238291Kb
 bounds [0x0000000002510000, 0x0000000002c70000, 0x0000000011510000]
 total_blobs=1980 nmethods=1708 adapters=183
 compilation: enabled

Compilation events (10 events):
Event: 11.046 Thread 0x0000000016033000 1761       2       com.android.dx.ssa.LiteralOpUpgrader::tryReplacingWithConstant (161 bytes)
Event: 11.048 Thread 0x0000000016033000 nmethod 1761 0x0000000002c38f10 code [0x0000000002c39120, 0x0000000002c39738]
Event: 11.060 Thread 0x0000000016033000 1764       2       com.android.dx.ssa.SCCP::simulateStmt (481 bytes)
Event: 11.062 Thread 0x0000000016033000 nmethod 1764 0x0000000002c47f90 code [0x0000000002c48200, 0x0000000002c48ab8]
Event: 11.063 Thread 0x0000000016033000 1767       2       com.android.dx.ssa.SsaMethod$1::visitMoveInsn (17 bytes)
Event: 11.064 Thread 0x0000000016033000 nmethod 1767 0x0000000002c47a50 code [0x0000000002c47bc0, 0x0000000002c47dd0]
Event: 11.071 Thread 0x0000000016033000 1768       2       java.util.Collections::swap (25 bytes)
Event: 11.071 Thread 0x0000000016033000 nmethod 1768 0x0000000002c0bb90 code [0x0000000002c0bd00, 0x0000000002c0bec8]
Event: 11.072 Thread 0x0000000016033000 1769       2       com.android.dx.ssa.DomFront::calcDomFronts (154 bytes)
Event: 11.073 Thread 0x0000000016033000 nmethod 1769 0x0000000002c54d50 code [0x0000000002c54f40, 0x0000000002c555a8]

GC Heap History (6 events):
Event: 4.818 GC heap before
{Heap before GC invocations=1 (full 0):
 PSYoungGen      total 38400K, used 33280K [0x00000000eab00000, 0x00000000ed580000, 0x0000000100000000)
  eden space 33280K, 100% used [0x00000000eab00000,0x00000000ecb80000,0x00000000ecb80000)
  from space 5120K, 0% used [0x00000000ed080000,0x00000000ed080000,0x00000000ed580000)
  to   space 5120K, 0% used [0x00000000ecb80000,0x00000000ecb80000,0x00000000ed080000)
 ParOldGen       total 87552K, used 0K [0x00000000c0000000, 0x00000000c5580000, 0x00000000eab00000)
  object space 87552K, 0% used [0x00000000c0000000,0x00000000c0000000,0x00000000c5580000)
 Metaspace       used 6066K, capacity 6902K, committed 7040K, reserved 1056768K
  class space    used 597K, capacity 622K, committed 640K, reserved 1048576K
Event: 5.746 GC heap after
Heap after GC invocations=1 (full 0):
 PSYoungGen      total 38400K, used 5106K [0x00000000eab00000, 0x00000000ef600000, 0x0000000100000000)
  eden space 33280K, 0% used [0x00000000eab00000,0x00000000eab00000,0x00000000ecb80000)
  from space 5120K, 99% used [0x00000000ecb80000,0x00000000ed07cab8,0x00000000ed080000)
  to   space 5120K, 0% used [0x00000000ef100000,0x00000000ef100000,0x00000000ef600000)
 ParOldGen       total 87552K, used 1581K [0x00000000c0000000, 0x00000000c5580000, 0x00000000eab00000)
  object space 87552K, 1% used [0x00000000c0000000,0x00000000c018b668,0x00000000c5580000)
 Metaspace       used 6066K, capacity 6902K, committed 7040K, reserved 1056768K
  class space    used 597K, capacity 622K, committed 640K, reserved 1048576K
}
Event: 7.113 GC heap before
{Heap before GC invocations=2 (full 0):
 PSYoungGen      total 38400K, used 38386K [0x00000000eab00000, 0x00000000ef600000, 0x0000000100000000)
  eden space 33280K, 100% used [0x00000000eab00000,0x00000000ecb80000,0x00000000ecb80000)
  from space 5120K, 99% used [0x00000000ecb80000,0x00000000ed07cab8,0x00000000ed080000)
  to   space 5120K, 0% used [0x00000000ef100000,0x00000000ef100000,0x00000000ef600000)
 ParOldGen       total 87552K, used 1581K [0x00000000c0000000, 0x00000000c5580000, 0x00000000eab00000)
  object space 87552K, 1% used [0x00000000c0000000,0x00000000c018b668,0x00000000c5580000)
 Metaspace       used 6202K, capacity 7030K, committed 7296K, reserved 1056768K
  class space    used 597K, capacity 622K, committed 640K, reserved 1048576K
Event: 7.335 GC heap after
Heap after GC invocations=2 (full 0):
 PSYoungGen      total 71680K, used 5094K [0x00000000eab00000, 0x00000000ef600000, 0x0000000100000000)
  eden space 66560K, 0% used [0x00000000eab00000,0x00000000eab00000,0x00000000eec00000)
  from space 5120K, 99% used [0x00000000ef100000,0x00000000ef5f9820,0x00000000ef600000)
  to   space 5120K, 0% used [0x00000000eec00000,0x00000000eec00000,0x00000000ef100000)
 ParOldGen       total 87552K, used 6474K [0x00000000c0000000, 0x00000000c5580000, 0x00000000eab00000)
  object space 87552K, 7% used [0x00000000c0000000,0x00000000c0652850,0x00000000c5580000)
 Metaspace       used 6202K, capacity 7030K, committed 7296K, reserved 1056768K
  class space    used 597K, capacity 622K, committed 640K, reserved 1048576K
}
Event: 11.566 GC heap before
{Heap before GC invocations=3 (full 0):
 PSYoungGen      total 71680K, used 71654K [0x00000000eab00000, 0x00000000ef600000, 0x0000000100000000)
  eden space 66560K, 100% used [0x00000000eab00000,0x00000000eec00000,0x00000000eec00000)
  from space 5120K, 99% used [0x00000000ef100000,0x00000000ef5f9820,0x00000000ef600000)
  to   space 5120K, 0% used [0x00000000eec00000,0x00000000eec00000,0x00000000ef100000)
 ParOldGen       total 87552K, used 6474K [0x00000000c0000000, 0x00000000c5580000, 0x00000000eab00000)
  object space 87552K, 7% used [0x00000000c0000000,0x00000000c0652850,0x00000000c5580000)
 Metaspace       used 6386K, capacity 7128K, committed 7424K, reserved 1056768K
  class space    used 621K, capacity 656K, committed 768K, reserved 1048576K
Event: 12.182 GC heap after
Heap after GC invocations=3 (full 0):
 PSYoungGen      total 71680K, used 5111K [0x00000000eab00000, 0x00000000ef600000, 0x0000000100000000)
  eden space 66560K, 0% used [0x00000000eab00000,0x00000000eab00000,0x00000000eec00000)
  from space 5120K, 99% used [0x00000000eec00000,0x00000000ef0fdf90,0x00000000ef100000)
  to   space 5120K, 0% used [0x00000000ef100000,0x00000000ef100000,0x00000000ef600000)
 ParOldGen       total 87552K, used 16343K [0x00000000c0000000, 0x00000000c5580000, 0x00000000eab00000)
  object space 87552K, 18% used [0x00000000c0000000,0x00000000c0ff5cf0,0x00000000c5580000)
 Metaspace       used 6386K, capacity 7128K, committed 7424K, reserved 1056768K
  class space    used 621K, capacity 656K, committed 768K, reserved 1048576K
}

Deoptimization events (10 events):
Event: 8.966 Thread 0x00000000162ca800 Uncommon trap: reason=bimorphic action=maybe_recompile pc=0x0000000002bbff7c method=com.android.dx.cf.code.BytecodeArray.parseInstruction(ILcom/android/dx/cf/code/BytecodeArray$Visitor;)I @ 1224
Event: 8.966 Thread 0x00000000162ca800 Uncommon trap: reason=unstable_if action=reinterpret pc=0x0000000002b9e5c4 method=com.android.dx.cf.code.RopperMachine.run(Lcom/android/dx/cf/code/Frame;II)V @ 1500
Event: 10.202 Thread 0x00000000162ce000 Uncommon trap: reason=unstable_if action=reinterpret pc=0x0000000002ab1620 method=com.android.dx.ssa.LiteralOpUpgrader$1.visitNonMoveInsn(Lcom/android/dx/ssa/NormalSsaInsn;)V @ 176
Event: 10.207 Thread 0x00000000162ce000 Uncommon trap: reason=bimorphic action=maybe_recompile pc=0x0000000002aab1ac method=com.android.dx.ssa.LiteralOpUpgrader.tryReplacingWithConstant(Lcom/android/dx/ssa/NormalSsaInsn;)Z @ 52
Event: 10.213 Thread 0x00000000162ce000 Uncommon trap: reason=class_check action=maybe_recompile pc=0x0000000002c1be74 method=com.android.dx.cf.code.BytecodeArray.parseInstruction(ILcom/android/dx/cf/code/BytecodeArray$Visitor;)I @ 2047
Event: 10.214 Thread 0x00000000162ce000 Uncommon trap: reason=class_check action=maybe_recompile pc=0x0000000002c1be74 method=com.android.dx.cf.code.BytecodeArray.parseInstruction(ILcom/android/dx/cf/code/BytecodeArray$Visitor;)I @ 2047
Event: 10.214 Thread 0x00000000162ce000 Uncommon trap: reason=class_check action=maybe_recompile pc=0x0000000002c1be74 method=com.android.dx.cf.code.BytecodeArray.parseInstruction(ILcom/android/dx/cf/code/BytecodeArray$Visitor;)I @ 2047
Event: 10.214 Thread 0x00000000162ce000 Uncommon trap: reason=class_check action=maybe_recompile pc=0x0000000002c1be74 method=com.android.dx.cf.code.BytecodeArray.parseInstruction(ILcom/android/dx/cf/code/BytecodeArray$Visitor;)I @ 2047
Event: 11.046 Thread 0x000000000204d800 Uncommon trap: reason=bimorphic action=maybe_recompile pc=0x0000000002aab1ac method=com.android.dx.ssa.LiteralOpUpgrader.tryReplacingWithConstant(Lcom/android/dx/ssa/NormalSsaInsn;)Z @ 52
Event: 11.060 Thread 0x00000000162ce000 Uncommon trap: reason=unstable_if action=reinterpret pc=0x0000000002b0a0dc method=com.android.dx.ssa.SCCP.simulateStmt(Lcom/android/dx/ssa/SsaInsn;)V @ 435

Internal exceptions (5 events):
Event: 0.093 Thread 0x000000000204d800 Exception <a 'java/lang/NoSuchMethodError': Method sun.misc.Unsafe.defineClass(Ljava/lang/String;[BII)Ljava/lang/Class; name or signature does not match> (0x00000000eab07cc0) thrown at [C:\re\workspace\8-2-build-windows-amd64-cygwin\jdk8u91\7017\hotspot\srS‹€YC·∑?
Event: 0.093 Thread 0x000000000204d800 Exception <a 'java/lang/NoSuchMethodError': Method sun.misc.Unsafe.prefetchRead(Ljava/lang/Object;J)V name or signature does not match> (0x00000000eab07fa8) thrown at [C:\re\workspace\8-2-build-windows-amd64-cygwin\jdk8u91\7017\hotspot\src\share\vm\prims\jyá$∑k@
Event: 7.855 Thread 0x00000000162ce000 Exception <a 'java/lang/ArrayIndexOutOfBoundsException': 18> (0x00000000ebb0d810) thrown at [C:\re\workspace\8-2-build-windows-amd64-cygwin\jdk8u91\7017\hotspot\src\share\vm\interpreter\interpreterRuntime.cpp, line 366]
Event: 7.856 Thread 0x00000000162ce000 Exception <a 'java/lang/ArrayIndexOutOfBoundsException'> (0x00000000ebb0f390) thrown at [C:\re\workspace\8-2-build-windows-amd64-cygwin\jdk8u91\7017\hotspot\src\share\vm\runtime\sharedRuntime.cpp, line 605]
Event: 7.857 Thread 0x00000000162ce000 Exception <a 'java/lang/ArrayIndexOutOfBoundsException'> (0x00000000ebb10678) thrown at [C:\re\workspace\8-2-build-windows-amd64-cygwin\jdk8u91\7017\hotspot\src\share\vm\runtime\sharedRuntime.cpp, line 605]

Events (10 events):
Event: 11.046 Thread 0x000000000204d800 Uncommon trap: trap_request=0xffffffc6 fr.pc=0x0000000002aab1ac
Event: 11.046 Thread 0x000000000204d800 DEOPT PACKING pc=0x0000000002aab1ac sp=0x000000000203df20
Event: 11.046 Thread 0x000000000204d800 DEOPT UNPACKING pc=0x000000000255582a sp=0x000000000203ded0 mode 2
Event: 11.060 Thread 0x00000000162ce000 Uncommon trap: trap_request=0xffffff65 fr.pc=0x0000000002b0a0dc
Event: 11.060 Thread 0x00000000162ce000 DEOPT PACKING pc=0x0000000002b0a0dc sp=0x0000000016dceeb0
Event: 11.060 Thread 0x00000000162ce000 DEOPT UNPACKING pc=0x000000000255582a sp=0x0000000016dcee98 mode 2
Event: 11.072 Thread 0x00000000162ce000 DEOPT PACKING pc=0x0000000002a541f4 sp=0x0000000016dcecf0
Event: 11.072 Thread 0x00000000162ce000 DEOPT UNPACKING pc=0x000000000255787f sp=0x0000000016dcea00 mode 0
Event: 11.188 Executing VM operation: ParallelGCFailedAllocation
Event: 12.182 Executing VM operation: ParallelGCFailedAllocation done


Dynamic libraries:
0x00007ff6df510000 - 0x00007ff6df547000 	C:\Program Files\Java\jdk1.8.0_91\bin\java.exe
0x00007fff3d820000 - 0x00007fff3d9e1000 	C:\WINDOWS\SYSTEM32\ntdll.dll
0x00007fff3d480000 - 0x00007fff3d52d000 	C:\WINDOWS\system32\KERNEL32.DLL
0x00007fff3aa30000 - 0x00007fff3ac18000 	C:\WINDOWS\system32\KERNELBASE.dll
0x00007fff3c550000 - 0x00007fff3c5f7000 	C:\WINDOWS\system32\ADVAPI32.dll
0x00007fff3ca40000 - 0x00007fff3cadd000 	C:\WINDOWS\system32\msvcrt.dll
0x00007fff3ccd0000 - 0x00007fff3cd2b000 	C:\WINDOWS\system32\sechost.dll
0x00007fff3cae0000 - 0x00007fff3cbfc000 	C:\WINDOWS\system32\RPCRT4.dll
0x00007fff3c2a0000 - 0x00007fff3c3f6000 	C:\WINDOWS\system32\USER32.dll
0x00007fff3d100000 - 0x00007fff3d286000 	C:\WINDOWS\system32\GDI32.dll
0x00007fff2d2a0000 - 0x00007fff2d514000 	C:\WINDOWS\WinSxS\amd64_microsoft.windows.common-controls_6595b64144ccf1df_6.0.10586.0_none_8c15ae12515e1c22\COMCTL32.dll
0x00007fff3d530000 - 0x00007fff3d7ad000 	C:\WINDOWS\system32\combase.dll
0x00007fff3a9c0000 - 0x00007fff3aa2a000 	C:\WINDOWS\system32\bcryptPrimitives.dll
0x00007fff3d440000 - 0x00007fff3d47b000 	C:\WINDOWS\system32\IMM32.DLL
0x0000000065e80000 - 0x0000000065f52000 	C:\Program Files\Java\jdk1.8.0_91\jre\bin\msvcr100.dll
0x00000000662a0000 - 0x0000000066b33000 	C:\Program Files\Java\jdk1.8.0_91\jre\bin\server\jvm.dll
0x00007fff3c290000 - 0x00007fff3c298000 	C:\WINDOWS\system32\PSAPI.DLL
0x00007fff227f0000 - 0x00007fff227f9000 	C:\WINDOWS\SYSTEM32\WSOCK32.dll
0x00007fff3cc60000 - 0x00007fff3cccb000 	C:\WINDOWS\system32\WS2_32.dll
0x00007fff38630000 - 0x00007fff38653000 	C:\WINDOWS\SYSTEM32\WINMM.dll
0x00007fff37070000 - 0x00007fff3707a000 	C:\WINDOWS\SYSTEM32\VERSION.dll
0x00007fff38210000 - 0x00007fff3823c000 	C:\WINDOWS\SYSTEM32\WINMMBASE.dll
0x00007fff3a150000 - 0x00007fff3a193000 	C:\WINDOWS\system32\cfgmgr32.dll
0x0000000068d90000 - 0x0000000068d9f000 	C:\Program Files\Java\jdk1.8.0_91\jre\bin\verify.dll
0x0000000068d60000 - 0x0000000068d89000 	C:\Program Files\Java\jdk1.8.0_91\jre\bin\java.dll
0x0000000068d40000 - 0x0000000068d56000 	C:\Program Files\Java\jdk1.8.0_91\jre\bin\zip.dll
0x00007fff3ac20000 - 0x00007fff3c17c000 	C:\WINDOWS\system32\SHELL32.dll
0x00007fff3a1a0000 - 0x00007fff3a7e4000 	C:\WINDOWS\system32\windows.storage.dll
0x00007fff3c180000 - 0x00007fff3c1d2000 	C:\WINDOWS\system32\shlwapi.dll
0x00007fff39ec0000 - 0x00007fff39ecf000 	C:\WINDOWS\system32\kernel.appcore.dll
0x00007fff3a8a0000 - 0x00007fff3a955000 	C:\WINDOWS\system32\shcore.dll
0x00007fff39e60000 - 0x00007fff39eab000 	C:\WINDOWS\system32\powrprof.dll
0x00007fff39e40000 - 0x00007fff39e54000 	C:\WINDOWS\system32\profapi.dll

VM Arguments:
jvm_args: -Djava.awt.headless=true -Xmx1024M -Dfile.encoding=GBK -Duser.country=CN -Duser.language=zh -Duser.variant 
java_command: com.android.dx.command.Main --dex --force-jumbo --num-threads=4 --multi-dex --output E:\Java_workplace\EduMap2\app\build\intermediates\transforms\dex\debug\folders\1000\2\AMap_2DMap_V2.9.0_20160525_b60442ee4c9427e730a9e3ffffd00386f9ec0e98 E:\Java_workplace\EduMap2\app\libs\AMap_2DMap_V2.9.0_20160525.jar
java_class_path (initial): E:\AndroidSDK\build-tools\23.0.2\lib\dx.jar
Launcher Type: SUN_STANDARD

Environment Variables:
JAVA_HOME=C:\Program Files\Java\jdk1.8.0_91
CLASSPATH=.;C:\Program Files\Java\jdk1.8.0_91\lib;C:\Program Files\Java\jdk1.8.0_91\lib\tools.jar
PATH=C:\Program Files\Java\jdk1.8.0_91\bin;C:\Program Files\Java\jdk1.8.0_91\jre\bin;E:\python3.4;C:\Program Files (x86)\Intel\iCLS Client\;C:\Program Files\Intel\iCLS Client\;C:\WINDOWS\system32;C:\WINDOWS;C:\WINDOWS\System32\Wbem;C:\WINDOWS\System32\WindowsPowerShell\v1.0\;C:\Program Files\Intel\Intel(R) Management Engine Components\DAL;C:\Program Files\Intel\Intel(R) Management Engine Components\IPT;C:\Program Files (x86)\Intel\Intel(R) Management Engine Components\DAL;C:\Program Files (x86)\Intel\Intel(R) Management Engine Components\IPT;C:\Program Files (x86)\ATI Technologies\ATI.ACE\Core-Static;C:\Program Files\Lenovo\Bluetooth Software\;C:\Program Files\Lenovo\Bluetooth Software\syswow64;C:\Program Files (x86)\Lenovo\Lenovo Home\;C:\Program Files (x86)\Microsoft SQL Server\100\Tools\Binn\;C:\Program Files\Microsoft SQL Server\100\Tools\Binn\;C:\Program Files\Microsoft SQL Server\100\DTS\Binn\;D:\runtime\win64;D:\ATI.ACE\Core-Static;e:\\bin\win32;D:\bin;C:\Program Files (x86)\Common Files\Autodesk Shared\;C:\Program Files (x86)\backburner 2\;E:\matlab-New\runtime\win64;E:\matlab-New\bin
USERNAME=admin
OS=Windows_NT
PROCESSOR_IDENTIFIER=Intel64 Family 6 Model 69 Stepping 1, GenuineIntel



---------------  S Y S T E M  ---------------

OS: Windows 10.0 , 64 bit Build 10586 (10.0.10586.0)

CPU:total 4 (2 cores per cpu, 2 threads per core) family 6 model 69 stepping 1, cmov, cx8, fxsr, mmx, sse, sse2, sse3, ssse3, sse4.1, sse4.2, popcnt, avx, avx2, aes, clmul, erms, lzcnt, ht, tsc, tscinvbit, bmi1, bmi2

Memory: 4k page, physical 8295384k(1765808k free), swap 10249176k(5168k free)

vm_info: Java HotSpot(TM) 64-Bit Server VM (25.91-b15) for windows-amd64 JRE (1.8.0_91-b15), built on May 20 2016 17:43:15 by "java_re" with MS VC++ 10.0 (VS2010)

time: Sun Jun 19 13:43:35 2016
elapsed time: 12 seconds (0d 0h 0m 12s)

