#
# There is insufficient memory for the Java Runtime Environment to continue.
# Native memory allocation (malloc) failed to allocate 131088 bytes for Chunk::new
# Possible reasons:
#   The system is out of physical RAM or swap space
#   In 32 bit mode, the process size limit was hit
# Possible solutions:
#   Reduce memory load on the system
#   Increase physical memory or swap space
#   Check if swap backing store is full
#   Use 64 bit Java on a 64 bit OS
#   Decrease Java heap size (-Xmx/-Xms)
#   Decrease number of Java threads
#   Decrease Java thread stack sizes (-Xss)
#   Set larger code cache with -XX:ReservedCodeCacheSize=
# This output file may be truncated or incomplete.
#
#  Out of Memory Error (allocation.cpp:390), pid=9572, tid=9060
#
# JRE version: Java(TM) SE Runtime Environment (8.0_91-b15) (build 1.8.0_91-b15)
# Java VM: Java HotSpot(TM) 64-Bit Server VM (25.91-b15 mixed mode windows-amd64 compressed oops)
# Failed to write core dump. Minidumps are not enabled by default on client versions of Windows
#

---------------  T H R E A D  ---------------

Current thread (0x000000001602f000):  JavaThread "C2 CompilerThread1" daemon [_thread_in_native, id=9060, stack(0x00000000166e0000,0x00000000167e0000)]

Stack: [0x00000000166e0000,0x00000000167e0000]
[error occurred during error reporting (printing stack bounds), id 0xc0000005]

Native frames: (J=compiled Java code, j=interpreted, Vv=VM code, C=native code)


Current CompileTask:
C2:   4025 1679 %     4       com.android.dx.ssa.SCCP::run @ 93 (298 bytes)


---------------  P R O C E S S  ---------------

Java Threads: ( => current thread )
  0x0000000016290800 JavaThread "pool-2-thread-4" [_thread_in_Java, id=8576, stack(0x0000000016ee0000,0x0000000016fe0000)]
  0x000000001628f000 JavaThread "pool-2-thread-3" [_thread_in_Java, id=10652, stack(0x0000000016de0000,0x0000000016ee0000)]
  0x0000000016262800 JavaThread "pool-2-thread-2" [_thread_in_Java, id=4416, stack(0x0000000016ce0000,0x0000000016de0000)]
  0x0000000016262000 JavaThread "pool-3-thread-1" [_thread_blocked, id=11180, stack(0x0000000016be0000,0x0000000016ce0000)]
  0x000000001625f000 JavaThread "pool-2-thread-1" [_thread_in_vm, id=10984, stack(0x0000000016ae0000,0x0000000016be0000)]
  0x0000000016041000 JavaThread "Service Thread" daemon [_thread_blocked, id=3524, stack(0x00000000168e0000,0x00000000169e0000)]
  0x000000001603a000 JavaThread "C1 CompilerThread2" daemon [_thread_blocked, id=10048, stack(0x00000000167e0000,0x00000000168e0000)]
=>0x000000001602f000 JavaThread "C2 CompilerThread1" daemon [_thread_in_native, id=9060, stack(0x00000000166e0000,0x00000000167e0000)]
  0x0000000014c8c800 JavaThread "C2 CompilerThread0" daemon [_thread_in_native, id=6576, stack(0x00000000165e0000,0x00000000166e0000)]
  0x0000000014c8a800 JavaThread "Attach Listener" daemon [_thread_blocked, id=10776, stack(0x00000000164e0000,0x00000000165e0000)]
  0x0000000014cd9800 JavaThread "Signal Dispatcher" daemon [_thread_blocked, id=8956, stack(0x00000000163e0000,0x00000000164e0000)]
  0x0000000014c6a800 JavaThread "Finalizer" daemon [_thread_blocked, id=10808, stack(0x0000000015ee0000,0x0000000015fe0000)]
  0x000000000259f800 JavaThread "Reference Handler" daemon [_thread_blocked, id=9220, stack(0x0000000015de0000,0x0000000015ee0000)]
  0x000000000202d800 JavaThread "main" [_thread_in_Java, id=2564, stack(0x00000000023b0000,0x00000000024b0000)]

Other Threads:
  0x0000000014c48000 VMThread [stack: 0x0000000015ce0000,0x0000000015de0000] [id=10800]
  0x000000001608c000 WatcherThread [stack: 0x00000000169e0000,0x0000000016ae0000] [id=10012]

VM state:not at safepoint (normal execution)

VM Mutex/Monitor currently owned by a thread: None

Heap:
 PSYoungGen      total 38400K, used 25109K [0x00000000eab00000, 0x00000000ef600000, 0x0000000100000000)
  eden space 33280K, 60% used [0x00000000eab00000,0x00000000ebe8b8a8,0x00000000ecb80000)
  from space 5120K, 99% used [0x00000000ecb80000,0x00000000ed079d00,0x00000000ed080000)
  to   space 5120K, 0% used [0x00000000ef100000,0x00000000ef100000,0x00000000ef600000)
 ParOldGen       total 87552K, used 11885K [0x00000000c0000000, 0x00000000c5580000, 0x00000000eab00000)
  object space 87552K, 13% used [0x00000000c0000000,0x00000000c0b9b7b0,0x00000000c5580000)
 Metaspace       used 6396K, capacity 7192K, committed 7424K, reserved 1056768K
  class space    used 628K, capacity 656K, committed 768K, reserved 1048576K

Card table byte_map: [0x0000000011970000,0x0000000011b80000] byte_map_base: 0x0000000011370000

Marking Bits: (ParMarkBitMap*) 0x0000000066ab2f70
 Begin Bits: [0x00000000120e0000, 0x00000000130e0000)
 End Bits:   [0x00000000130e0000, 0x00000000140e0000)

Polling page: 0x00000000007f0000

CodeCache: size=245760Kb used=6378Kb max_used=6408Kb free=239381Kb
 bounds [0x00000000025b0000, 0x0000000002c00000, 0x00000000115b0000]
 total_blobs=1903 nmethods=1632 adapters=184
 compilation: enabled

Compilation events (10 events):
Event: 3.791 Thread 0x000000001603a000 1721       1       com.android.dx.cf.attrib.AttConstantValue::byteLength (3 bytes)
Event: 3.791 Thread 0x000000001603a000 nmethod 1721 0x0000000002bb73d0 code [0x0000000002bb7520, 0x0000000002bb7630]
Event: 3.797 Thread 0x000000001603a000 1722       2       java.util.HashMap::comparableClassFor (105 bytes)
Event: 3.798 Thread 0x000000001603a000 nmethod 1722 0x0000000002bbba50 code [0x0000000002bbbc00, 0x0000000002bbc068]
Event: 3.798 Thread 0x000000001603a000 1723       2       java.util.HashMap$TreeNode::getTreeNode (22 bytes)
Event: 3.798 Thread 0x000000001603a000 nmethod 1723 0x0000000002bbb590 code [0x0000000002bbb700, 0x0000000002bbb8e8]
Event: 3.961 Thread 0x0000000014c8c800 nmethod 1678 0x0000000002be2ad0 code [0x0000000002be3040, 0x0000000002be7dd8]
Event: 3.961 Thread 0x0000000014c8c800 1688       4       com.android.dx.cf.code.Ropper::labelToResultIndex (47 bytes)
Event: 3.968 Thread 0x0000000014c8c800 nmethod 1688 0x0000000002bdf710 code [0x0000000002bdf860, 0x0000000002bdfad8]
Event: 3.968 Thread 0x0000000014c8c800 1697   !   4       com.android.dx.rop.code.RegisterSpec::intern (70 bytes)

GC Heap History (6 events):
Event: 1.748 GC heap before
{Heap before GC invocations=1 (full 0):
 PSYoungGen      total 38400K, used 33280K [0x00000000eab00000, 0x00000000ed580000, 0x0000000100000000)
  eden space 33280K, 100% used [0x00000000eab00000,0x00000000ecb80000,0x00000000ecb80000)
  from space 5120K, 0% used [0x00000000ed080000,0x00000000ed080000,0x00000000ed580000)
  to   space 5120K, 0% used [0x00000000ecb80000,0x00000000ecb80000,0x00000000ed080000)
 ParOldGen       total 87552K, used 0K [0x00000000c0000000, 0x00000000c5580000, 0x00000000eab00000)
  object space 87552K, 0% used [0x00000000c0000000,0x00000000c0000000,0x00000000c5580000)
 Metaspace       used 6017K, capacity 6902K, committed 7040K, reserved 1056768K
  class space    used 605K, capacity 622K, committed 640K, reserved 1048576K
Event: 1.760 GC heap after
Heap after GC invocations=1 (full 0):
 PSYoungGen      total 38400K, used 5103K [0x00000000eab00000, 0x00000000ed580000, 0x0000000100000000)
  eden space 33280K, 0% used [0x00000000eab00000,0x00000000eab00000,0x00000000ecb80000)
  from space 5120K, 99% used [0x00000000ecb80000,0x00000000ed07bc98,0x00000000ed080000)
  to   space 5120K, 0% used [0x00000000ed080000,0x00000000ed080000,0x00000000ed580000)
 ParOldGen       total 87552K, used 1589K [0x00000000c0000000, 0x00000000c5580000, 0x00000000eab00000)
  object space 87552K, 1% used [0x00000000c0000000,0x00000000c018d760,0x00000000c5580000)
 Metaspace       used 6017K, capacity 6902K, committed 7040K, reserved 1056768K
  class space    used 605K, capacity 622K, committed 640K, reserved 1048576K
}
Event: 2.284 GC heap before
{Heap before GC invocations=2 (full 0):
 PSYoungGen      total 38400K, used 38383K [0x00000000eab00000, 0x00000000ed580000, 0x0000000100000000)
  eden space 33280K, 100% used [0x00000000eab00000,0x00000000ecb80000,0x00000000ecb80000)
  from space 5120K, 99% used [0x00000000ecb80000,0x00000000ed07bc98,0x00000000ed080000)
  to   space 5120K, 0% used [0x00000000ed080000,0x00000000ed080000,0x00000000ed580000)
 ParOldGen       total 87552K, used 1589K [0x00000000c0000000, 0x00000000c5580000, 0x00000000eab00000)
  object space 87552K, 1% used [0x00000000c0000000,0x00000000c018d760,0x00000000c5580000)
 Metaspace       used 6210K, capacity 7094K, committed 7296K, reserved 1056768K
  class space    used 608K, capacity 622K, committed 640K, reserved 1048576K
Event: 2.338 GC heap after
Heap after GC invocations=2 (full 0):
 PSYoungGen      total 38400K, used 5103K [0x00000000eab00000, 0x00000000ef600000, 0x0000000100000000)
  eden space 33280K, 0% used [0x00000000eab00000,0x00000000eab00000,0x00000000ecb80000)
  from space 5120K, 99% used [0x00000000ed080000,0x00000000ed57bf80,0x00000000ed580000)
  to   space 5120K, 0% used [0x00000000ecb80000,0x00000000ecb80000,0x00000000ed080000)
 ParOldGen       total 87552K, used 7043K [0x00000000c0000000, 0x00000000c5580000, 0x00000000eab00000)
  object space 87552K, 8% used [0x00000000c0000000,0x00000000c06e0f30,0x00000000c5580000)
 Metaspace       used 6210K, capacity 7094K, committed 7296K, reserved 1056768K
  class space    used 608K, capacity 622K, committed 640K, reserved 1048576K
}
Event: 3.229 GC heap before
{Heap before GC invocations=3 (full 0):
 PSYoungGen      total 38400K, used 38383K [0x00000000eab00000, 0x00000000ef600000, 0x0000000100000000)
  eden space 33280K, 100% used [0x00000000eab00000,0x00000000ecb80000,0x00000000ecb80000)
  from space 5120K, 99% used [0x00000000ed080000,0x00000000ed57bf80,0x00000000ed580000)
  to   space 5120K, 0% used [0x00000000ecb80000,0x00000000ecb80000,0x00000000ed080000)
 ParOldGen       total 87552K, used 7043K [0x00000000c0000000, 0x00000000c5580000, 0x00000000eab00000)
  object space 87552K, 8% used [0x00000000c0000000,0x00000000c06e0f30,0x00000000c5580000)
 Metaspace       used 6375K, capacity 7128K, committed 7424K, reserved 1056768K
  class space    used 628K, capacity 656K, committed 768K, reserved 1048576K
Event: 3.258 GC heap after
Heap after GC invocations=3 (full 0):
 PSYoungGen      total 38400K, used 5095K [0x00000000eab00000, 0x00000000ef600000, 0x0000000100000000)
  eden space 33280K, 0% used [0x00000000eab00000,0x00000000eab00000,0x00000000ecb80000)
  from space 5120K, 99% used [0x00000000ecb80000,0x00000000ed079d00,0x00000000ed080000)
  to   space 5120K, 0% used [0x00000000ef100000,0x00000000ef100000,0x00000000ef600000)
 ParOldGen       total 87552K, used 11885K [0x00000000c0000000, 0x00000000c5580000, 0x00000000eab00000)
  object space 87552K, 13% used [0x00000000c0000000,0x00000000c0b9b7b0,0x00000000c5580000)
 Metaspace       used 6375K, capacity 7128K, committed 7424K, reserved 1056768K
  class space    used 628K, capacity 656K, committed 768K, reserved 1048576K
}

Deoptimization events (10 events):
Event: 1.554 Thread 0x000000000202d800 Uncommon trap: reason=bimorphic action=maybe_recompile pc=0x00000000027eb9c0 method=java.util.HashMap.getNode(ILjava/lang/Object;)Ljava/util/HashMap$Node; @ 126
Event: 1.554 Thread 0x000000000202d800 Uncommon trap: reason=bimorphic action=maybe_recompile pc=0x00000000027eb9c0 method=java.util.HashMap.getNode(ILjava/lang/Object;)Ljava/util/HashMap$Node; @ 126
Event: 1.554 Thread 0x000000000202d800 Uncommon trap: reason=bimorphic action=maybe_recompile pc=0x00000000027bacec method=java.util.HashMap.getNode(ILjava/lang/Object;)Ljava/util/HashMap$Node; @ 126
Event: 1.635 Thread 0x000000001625f000 Uncommon trap: reason=unstable_if action=reinterpret pc=0x00000000028bd8bc method=com.android.dx.rop.code.RegisterSpec.equals(ILcom/android/dx/rop/type/TypeBearer;Lcom/android/dx/rop/code/LocalItem;)Z @ 42
Event: 2.026 Thread 0x0000000016290800 Uncommon trap: reason=null_check action=make_not_entrant pc=0x000000000288da84 method=com.android.dx.ssa.SsaRenamer.getLocalForNewReg(I)Lcom/android/dx/rop/code/LocalItem; @ 19
Event: 2.468 Thread 0x0000000016290800 Uncommon trap: reason=unstable_if action=reinterpret pc=0x00000000029a8578 method=com.android.dx.cf.code.Ropper.labelToResultIndex(I)I @ 34
Event: 2.498 Thread 0x000000000202d800 Uncommon trap: reason=unstable_if action=reinterpret pc=0x00000000029166a4 method=java.util.HashMap.putVal(ILjava/lang/Object;Ljava/lang/Object;ZZ)Ljava/lang/Object; @ 162
Event: 2.520 Thread 0x000000000202d800 Uncommon trap: reason=unstable_if action=reinterpret pc=0x00000000029cc834 method=java.util.HashMap.getNode(ILjava/lang/Object;)Ljava/util/HashMap$Node; @ 84
Event: 2.520 Thread 0x000000000202d800 Uncommon trap: reason=unstable_if action=reinterpret pc=0x00000000029d54c4 method=java.util.HashMap.putVal(ILjava/lang/Object;Ljava/lang/Object;ZZ)Ljava/lang/Object; @ 162
Event: 2.763 Thread 0x000000001625f000 Uncommon trap: reason=unstable_if action=reinterpret pc=0x0000000002a0787c method=com.android.dx.util.IntList.binarysearch(I)I @ 105

Internal exceptions (7 events):
Event: 0.172 Thread 0x000000000202d800 Exception <a 'java/lang/NoSuchMethodError': Method sun.misc.Unsafe.defineClass(Ljava/lang/String;[BII)Ljava/lang/Class; name or signature does not match> (0x00000000eab07cc0) thrown at [C:\re\workspace\8-2-build-windows-amd64-cygwin\jdk8u91\7017\hotspot\sr	-ûŸÆ?
Event: 0.172 Thread 0x000000000202d800 Exception <a 'java/lang/NoSuchMethodError': Method sun.misc.Unsafe.prefetchRead(Ljava/lang/Object;J)V name or signature does not match> (0x00000000eab07fa8) thrown at [C:\re\workspace\8-2-build-windows-amd64-cygwin\jdk8u91\7017\hotspot\src\share\vm\prims\j&Ûó‚ïø?
Event: 1.507 Thread 0x000000001625f000 Implicit null exception at 0x00000000028df622 to 0x00000000028df71a
Event: 2.026 Thread 0x0000000016290800 Implicit null exception at 0x000000000288bc4a to 0x000000000288da65
Event: 2.501 Thread 0x000000000202d800 Exception <a 'java/lang/ArrayIndexOutOfBoundsException': 18> (0x00000000eb274228) thrown at [C:\re\workspace\8-2-build-windows-amd64-cygwin\jdk8u91\7017\hotspot\src\share\vm\interpreter\interpreterRuntime.cpp, line 366]
Event: 2.502 Thread 0x000000000202d800 Exception <a 'java/lang/ArrayIndexOutOfBoundsException'> (0x00000000eb275da8) thrown at [C:\re\workspace\8-2-build-windows-amd64-cygwin\jdk8u91\7017\hotspot\src\share\vm\runtime\sharedRuntime.cpp, line 605]
Event: 2.503 Thread 0x000000000202d800 Exception <a 'java/lang/ArrayIndexOutOfBoundsException'> (0x00000000eb277090) thrown at [C:\re\workspace\8-2-build-windows-amd64-cygwin\jdk8u91\7017\hotspot\src\share\vm\runtime\sharedRuntime.cpp, line 605]

Events (10 events):
Event: 2.520 Thread 0x000000000202d800 DEOPT UNPACKING pc=0x00000000025f582a sp=0x00000000024ad328 mode 2
Event: 2.541 Thread 0x000000000202d800 DEOPT PACKING pc=0x000000000294a584 sp=0x00000000024adf80
Event: 2.542 Thread 0x000000000202d800 DEOPT UNPACKING pc=0x00000000025f787f sp=0x00000000024add48 mode 0
Event: 2.763 Thread 0x000000001625f000 Uncommon trap: trap_request=0xffffff65 fr.pc=0x0000000002a0787c
Event: 2.763 Thread 0x000000001625f000 DEOPT PACKING pc=0x0000000002a0787c sp=0x0000000016bdead0
Event: 2.763 Thread 0x000000001625f000 DEOPT UNPACKING pc=0x00000000025f582a sp=0x0000000016bdea48 mode 2
Event: 2.764 Thread 0x000000001625f000 DEOPT PACKING pc=0x0000000002b35b35 sp=0x0000000016bde990
Event: 2.764 Thread 0x000000001625f000 DEOPT UNPACKING pc=0x00000000025f787f sp=0x0000000016bde6f8 mode 0
Event: 3.019 Executing VM operation: ParallelGCFailedAllocation
Event: 3.259 Executing VM operation: ParallelGCFailedAllocation done


Dynamic libraries:
0x00007ff6df510000 - 0x00007ff6df547000 	C:\Program Files\Java\jdk1.8.0_91\bin\java.exe
0x00007fff3d820000 - 0x00007fff3d9e1000 	C:\WINDOWS\SYSTEM32\ntdll.dll
0x00007fff3d480000 - 0x00007fff3d52d000 	C:\WINDOWS\system32\KERNEL32.DLL
0x00007fff3aa30000 - 0x00007fff3ac18000 	C:\WINDOWS\system32\KERNELBASE.dll
0x00007fff3c550000 - 0x00007fff3c5f7000 	C:\WINDOWS\system32\ADVAPI32.dll
0x00007fff3ca40000 - 0x00007fff3cadd000 	C:\WINDOWS\system32\msvcrt.dll
0x00007fff3ccd0000 - 0x00007fff3cd2b000 	C:\WINDOWS\system32\sechost.dll
0x00007fff3cae0000 - 0x00007fff3cbfc000 	C:\WINDOWS\system32\RPCRT4.dll
0x00007fff3c2a0000 - 0x00007fff3c3f6000 	C:\WINDOWS\system32\USER32.dll
0x00007fff3d100000 - 0x00007fff3d286000 	C:\WINDOWS\system32\GDI32.dll
0x00007fff2d2a0000 - 0x00007fff2d514000 	C:\WINDOWS\WinSxS\amd64_microsoft.windows.common-controls_6595b64144ccf1df_6.0.10586.0_none_8c15ae12515e1c22\COMCTL32.dll
0x00007fff3d530000 - 0x00007fff3d7ad000 	C:\WINDOWS\system32\combase.dll
0x00007fff3a9c0000 - 0x00007fff3aa2a000 	C:\WINDOWS\system32\bcryptPrimitives.dll
0x00007fff3d440000 - 0x00007fff3d47b000 	C:\WINDOWS\system32\IMM32.DLL
0x0000000065e80000 - 0x0000000065f52000 	C:\Program Files\Java\jdk1.8.0_91\jre\bin\msvcr100.dll
0x00000000662a0000 - 0x0000000066b33000 	C:\Program Files\Java\jdk1.8.0_91\jre\bin\server\jvm.dll
0x00007fff3c290000 - 0x00007fff3c298000 	C:\WINDOWS\system32\PSAPI.DLL
0x00007fff227f0000 - 0x00007fff227f9000 	C:\WINDOWS\SYSTEM32\WSOCK32.dll
0x00007fff3cc60000 - 0x00007fff3cccb000 	C:\WINDOWS\system32\WS2_32.dll
0x00007fff38630000 - 0x00007fff38653000 	C:\WINDOWS\SYSTEM32\WINMM.dll
0x00007fff37070000 - 0x00007fff3707a000 	C:\WINDOWS\SYSTEM32\VERSION.dll
0x00007fff38210000 - 0x00007fff3823c000 	C:\WINDOWS\SYSTEM32\WINMMBASE.dll
0x00007fff3a150000 - 0x00007fff3a193000 	C:\WINDOWS\system32\cfgmgr32.dll
0x0000000068d90000 - 0x0000000068d9f000 	C:\Program Files\Java\jdk1.8.0_91\jre\bin\verify.dll
0x0000000068d60000 - 0x0000000068d89000 	C:\Program Files\Java\jdk1.8.0_91\jre\bin\java.dll
0x0000000068d40000 - 0x0000000068d56000 	C:\Program Files\Java\jdk1.8.0_91\jre\bin\zip.dll
0x00007fff3ac20000 - 0x00007fff3c17c000 	C:\WINDOWS\system32\SHELL32.dll
0x00007fff3a1a0000 - 0x00007fff3a7e4000 	C:\WINDOWS\system32\windows.storage.dll
0x00007fff3c180000 - 0x00007fff3c1d2000 	C:\WINDOWS\system32\shlwapi.dll
0x00007fff39ec0000 - 0x00007fff39ecf000 	C:\WINDOWS\system32\kernel.appcore.dll
0x00007fff3a8a0000 - 0x00007fff3a955000 	C:\WINDOWS\system32\shcore.dll
0x00007fff39e60000 - 0x00007fff39eab000 	C:\WINDOWS\system32\powrprof.dll
0x00007fff39e40000 - 0x00007fff39e54000 	C:\WINDOWS\system32\profapi.dll

VM Arguments:
jvm_args: -Djava.awt.headless=true -Xmx1024M -Dfile.encoding=GBK -Duser.country=CN -Duser.language=zh -Duser.variant 
java_command: com.android.dx.command.Main --dex --force-jumbo --num-threads=4 --multi-dex --output E:\Java_workplace\EduMap2\app\build\intermediates\transforms\dex\debug\folders\1000\10\com.android.support-recyclerview-v7-23.4.0_f755b7cc506f988957daed278aba11cf8006d328 E:\Java_workplace\EduMap2\app\build\intermediates\exploded-aar\com.android.support\recyclerview-v7\23.4.0\jars\classes.jar
java_class_path (initial): E:\AndroidSDK\build-tools\23.0.2\lib\dx.jar
Launcher Type: SUN_STANDARD

Environment Variables:
JAVA_HOME=C:\Program Files\Java\jdk1.8.0_91
CLASSPATH=.;C:\Program Files\Java\jdk1.8.0_91\lib;C:\Program Files\Java\jdk1.8.0_91\lib\tools.jar
PATH=C:\Program Files\Java\jdk1.8.0_91\bin;C:\Program Files\Java\jdk1.8.0_91\jre\bin;E:\python3.4;C:\Program Files (x86)\Intel\iCLS Client\;C:\Program Files\Intel\iCLS Client\;C:\WINDOWS\system32;C:\WINDOWS;C:\WINDOWS\System32\Wbem;C:\WINDOWS\System32\WindowsPowerShell\v1.0\;C:\Program Files\Intel\Intel(R) Management Engine Components\DAL;C:\Program Files\Intel\Intel(R) Management Engine Components\IPT;C:\Program Files (x86)\Intel\Intel(R) Management Engine Components\DAL;C:\Program Files (x86)\Intel\Intel(R) Management Engine Components\IPT;C:\Program Files (x86)\ATI Technologies\ATI.ACE\Core-Static;C:\Program Files\Lenovo\Bluetooth Software\;C:\Program Files\Lenovo\Bluetooth Software\syswow64;C:\Program Files (x86)\Lenovo\Lenovo Home\;C:\Program Files (x86)\Microsoft SQL Server\100\Tools\Binn\;C:\Program Files\Microsoft SQL Server\100\Tools\Binn\;C:\Program Files\Microsoft SQL Server\100\DTS\Binn\;D:\runtime\win64;D:\ATI.ACE\Core-Static;e:\\bin\win32;D:\bin;C:\Program Files (x86)\Common Files\Autodesk Shared\;C:\Program Files (x86)\backburner 2\;E:\matlab-New\runtime\win64;E:\matlab-New\bin
USERNAME=admin
OS=Windows_NT
PROCESSOR_IDENTIFIER=Intel64 Family 6 Model 69 Stepping 1, GenuineIntel



---------------  S Y S T E M  ---------------

OS: Windows 10.0 , 64 bit Build 10586 (10.0.10586.0)

CPU:total 4 (2 cores per cpu, 2 threads per core) family 6 model 69 stepping 1, cmov, cx8, fxsr, mmx, sse, sse2, sse3, ssse3, sse4.1, sse4.2, popcnt, avx, avx2, aes, clmul, erms, lzcnt, ht, tsc, tscinvbit, bmi1, bmi2

Memory: 4k page, physical 8295384k(1972904k free), swap 10249176k(5680k free)

vm_info: Java HotSpot(TM) 64-Bit Server VM (25.91-b15) for windows-amd64 JRE (1.8.0_91-b15), built on May 20 2016 17:43:15 by "java_re" with MS VC++ 10.0 (VS2010)

time: Sun Jun 19 13:45:46 2016
elapsed time: 4 seconds (0d 0h 0m 4s)

