#
# There is insufficient memory for the Java Runtime Environment to continue.
# Native memory allocation (malloc) failed to allocate 468416 bytes for Chunk::new
# Possible reasons:
#   The system is out of physical RAM or swap space
#   In 32 bit mode, the process size limit was hit
# Possible solutions:
#   Reduce memory load on the system
#   Increase physical memory or swap space
#   Check if swap backing store is full
#   Use 64 bit Java on a 64 bit OS
#   Decrease Java heap size (-Xmx/-Xms)
#   Decrease number of Java threads
#   Decrease Java thread stack sizes (-Xss)
#   Set larger code cache with -XX:ReservedCodeCacheSize=
# This output file may be truncated or incomplete.
#
#  Out of Memory Error (allocation.cpp:390), pid=3668, tid=7760
#
# JRE version: Java(TM) SE Runtime Environment (8.0_91-b15) (build 1.8.0_91-b15)
# Java VM: Java HotSpot(TM) 64-Bit Server VM (25.91-b15 mixed mode windows-amd64 compressed oops)
# Failed to write core dump. Minidumps are not enabled by default on client versions of Windows
#

---------------  T H R E A D  ---------------

Current thread (0x0000000014e3e800):  JavaThread "C2 CompilerThread1" daemon [_thread_in_native, id=7760, stack(0x0000000016850000,0x0000000016950000)]

Stack: [0x0000000016850000,0x0000000016950000]
[error occurred during error reporting (printing stack bounds), id 0xc0000005]

Native frames: (J=compiled Java code, j=interpreted, Vv=VM code, C=native code)


Current CompileTask:
C2:  26945 2786       4       com.android.dx.rop.cst.CstBaseMethodRef::getPrototype (41 bytes)


---------------  P R O C E S S  ---------------

Java Threads: ( => current thread )
  0x00000000163e0800 JavaThread "pool-1-thread-1" [_thread_in_Java, id=10552, stack(0x000000001b890000,0x000000001b990000)]
  0x00000000161aa000 JavaThread "Service Thread" daemon [_thread_blocked, id=11012, stack(0x0000000016a50000,0x0000000016b50000)]
  0x00000000161a5800 JavaThread "C1 CompilerThread2" daemon [_thread_in_vm, id=6960, stack(0x0000000016950000,0x0000000016a50000)]
=>0x0000000014e3e800 JavaThread "C2 CompilerThread1" daemon [_thread_in_native, id=7760, stack(0x0000000016850000,0x0000000016950000)]
  0x0000000014e38000 JavaThread "C2 CompilerThread0" daemon [_thread_in_native, id=1692, stack(0x0000000016750000,0x0000000016850000)]
  0x0000000014ded000 JavaThread "Attach Listener" daemon [_thread_blocked, id=7596, stack(0x0000000016650000,0x0000000016750000)]
  0x0000000014dec000 JavaThread "Signal Dispatcher" daemon [_thread_blocked, id=7844, stack(0x0000000016550000,0x0000000016650000)]
  0x0000000014dca800 JavaThread "Finalizer" daemon [_thread_blocked, id=3944, stack(0x0000000016050000,0x0000000016150000)]
  0x00000000026ff800 JavaThread "Reference Handler" daemon [_thread_blocked, id=7776, stack(0x0000000015f50000,0x0000000016050000)]
  0x00000000007bd800 JavaThread "main" [_thread_blocked, id=10596, stack(0x0000000002510000,0x0000000002610000)]

Other Threads:
  0x0000000014da8800 VMThread [stack: 0x0000000015e50000,0x0000000015f50000] [id=9608]
  0x00000000161be000 WatcherThread [stack: 0x0000000016b50000,0x0000000016c50000] [id=8156]

VM state:not at safepoint (normal execution)

VM Mutex/Monitor currently owned by a thread: None

Heap:
 PSYoungGen      total 145920K, used 70777K [0x00000000eab00000, 0x00000000f4e00000, 0x0000000100000000)
  eden space 131072K, 42% used [0x00000000eab00000,0x00000000ee1b1e90,0x00000000f2b00000)
  from space 14848K, 99% used [0x00000000f3b80000,0x00000000f49ec600,0x00000000f4a00000)
  to   space 16896K, 0% used [0x00000000f2b00000,0x00000000f2b00000,0x00000000f3b80000)
 ParOldGen       total 87552K, used 25537K [0x00000000c0000000, 0x00000000c5580000, 0x00000000eab00000)
  object space 87552K, 29% used [0x00000000c0000000,0x00000000c18f07d8,0x00000000c5580000)
 Metaspace       used 7004K, capacity 7672K, committed 7936K, reserved 1056768K
  class space    used 647K, capacity 688K, committed 768K, reserved 1048576K

Card table byte_map: [0x0000000011ad0000,0x0000000011ce0000] byte_map_base: 0x00000000114d0000

Marking Bits: (ParMarkBitMap*) 0x0000000066ab2f70
 Begin Bits: [0x0000000012240000, 0x0000000013240000)
 End Bits:   [0x0000000013240000, 0x0000000014240000)

Polling page: 0x0000000000450000

CodeCache: size=245760Kb used=11824Kb max_used=11824Kb free=233935Kb
 bounds [0x0000000002710000, 0x00000000032b0000, 0x0000000011710000]
 total_blobs=2841 nmethods=2569 adapters=184
 compilation: enabled

Compilation events (10 events):
Event: 26.931 Thread 0x0000000014e38000 nmethod 2797 0x0000000003291b90 code [0x0000000003291cc0, 0x0000000003291d78]
Event: 26.931 Thread 0x0000000014e38000 2798       4       com.android.dx.dex.code.DalvInsnList::codeSize (24 bytes)
Event: 26.931 Thread 0x00000000161a5800 nmethod 2799 0x0000000003291e90 code [0x00000000032920a0, 0x0000000003292cd8]
Event: 26.931 Thread 0x00000000161a5800 2801       3       com.android.dx.dex.file.CodeItem::writeTo0 (489 bytes)
Event: 26.934 Thread 0x0000000014e38000 nmethod 2798 0x0000000003294950 code [0x0000000003294aa0, 0x0000000003294bd8]
Event: 26.934 Thread 0x0000000014e38000 2805       4       com.android.dx.dex.code.TargetInsn::getTargetOffset (13 bytes)
Event: 26.935 Thread 0x0000000014e38000 nmethod 2805 0x0000000003295e50 code [0x0000000003295f80, 0x0000000003296038]
Event: 26.935 Thread 0x0000000014e38000 2809 %     4       com.android.dx.dex.code.DalvInsnList::getOutsSize @ 9 (105 bytes)
Event: 26.940 Thread 0x00000000161a5800 nmethod 2801 0x0000000003298e50 code [0x00000000032997e0, 0x00000000032a0048]
Event: 26.941 Thread 0x00000000161a5800 2802       3       com.android.dx.dex.file.CodeItem::getRegistersSize (11 bytes)

GC Heap History (10 events):
Event: 7.560 GC heap before
{Heap before GC invocations=2 (full 0):
 PSYoungGen      total 38400K, used 38383K [0x00000000eab00000, 0x00000000ed580000, 0x0000000100000000)
  eden space 33280K, 100% used [0x00000000eab00000,0x00000000ecb80000,0x00000000ecb80000)
  from space 5120K, 99% used [0x00000000ecb80000,0x00000000ed07bfd0,0x00000000ed080000)
  to   space 5120K, 0% used [0x00000000ed080000,0x00000000ed080000,0x00000000ed580000)
 ParOldGen       total 87552K, used 2584K [0x00000000c0000000, 0x00000000c5580000, 0x00000000eab00000)
  object space 87552K, 2% used [0x00000000c0000000,0x00000000c0286018,0x00000000c5580000)
 Metaspace       used 6181K, capacity 7030K, committed 7296K, reserved 1056768K
  class space    used 598K, capacity 622K, committed 640K, reserved 1048576K
Event: 7.765 GC heap after
Heap after GC invocations=2 (full 0):
 PSYoungGen      total 38400K, used 5110K [0x00000000eab00000, 0x00000000ef600000, 0x0000000100000000)
  eden space 33280K, 0% used [0x00000000eab00000,0x00000000eab00000,0x00000000ecb80000)
  from space 5120K, 99% used [0x00000000ed080000,0x00000000ed57d810,0x00000000ed580000)
  to   space 5120K, 0% used [0x00000000ecb80000,0x00000000ecb80000,0x00000000ed080000)
 ParOldGen       total 87552K, used 6888K [0x00000000c0000000, 0x00000000c5580000, 0x00000000eab00000)
  object space 87552K, 7% used [0x00000000c0000000,0x00000000c06ba210,0x00000000c5580000)
 Metaspace       used 6181K, capacity 7030K, committed 7296K, reserved 1056768K
  class space    used 598K, capacity 622K, committed 640K, reserved 1048576K
}
Event: 9.032 GC heap before
{Heap before GC invocations=3 (full 0):
 PSYoungGen      total 38400K, used 38390K [0x00000000eab00000, 0x00000000ef600000, 0x0000000100000000)
  eden space 33280K, 100% used [0x00000000eab00000,0x00000000ecb80000,0x00000000ecb80000)
  from space 5120K, 99% used [0x00000000ed080000,0x00000000ed57d810,0x00000000ed580000)
  to   space 5120K, 0% used [0x00000000ecb80000,0x00000000ecb80000,0x00000000ed080000)
 ParOldGen       total 87552K, used 6890K [0x00000000c0000000, 0x00000000c5580000, 0x00000000eab00000)
  object space 87552K, 7% used [0x00000000c0000000,0x00000000c06baae8,0x00000000c5580000)
 Metaspace       used 6321K, capacity 7064K, committed 7424K, reserved 1056768K
  class space    used 618K, capacity 656K, committed 768K, reserved 1048576K
Event: 9.129 GC heap after
Heap after GC invocations=3 (full 0):
 PSYoungGen      total 38400K, used 5111K [0x00000000eab00000, 0x00000000ef600000, 0x0000000100000000)
  eden space 33280K, 0% used [0x00000000eab00000,0x00000000eab00000,0x00000000ecb80000)
  from space 5120K, 99% used [0x00000000ecb80000,0x00000000ed07dfb0,0x00000000ed080000)
  to   space 5120K, 0% used [0x00000000ef100000,0x00000000ef100000,0x00000000ef600000)
 ParOldGen       total 87552K, used 11802K [0x00000000c0000000, 0x00000000c5580000, 0x00000000eab00000)
  object space 87552K, 13% used [0x00000000c0000000,0x00000000c0b869b0,0x00000000c5580000)
 Metaspace       used 6321K, capacity 7064K, committed 7424K, reserved 1056768K
  class space    used 618K, capacity 656K, committed 768K, reserved 1048576K
}
Event: 11.166 GC heap before
{Heap before GC invocations=4 (full 0):
 PSYoungGen      total 38400K, used 38391K [0x00000000eab00000, 0x00000000ef600000, 0x0000000100000000)
  eden space 33280K, 100% used [0x00000000eab00000,0x00000000ecb80000,0x00000000ecb80000)
  from space 5120K, 99% used [0x00000000ecb80000,0x00000000ed07dfb0,0x00000000ed080000)
  to   space 5120K, 0% used [0x00000000ef100000,0x00000000ef100000,0x00000000ef600000)
 ParOldGen       total 87552K, used 11802K [0x00000000c0000000, 0x00000000c5580000, 0x00000000eab00000)
  object space 87552K, 13% used [0x00000000c0000000,0x00000000c0b869b0,0x00000000c5580000)
 Metaspace       used 6374K, capacity 7128K, committed 7424K, reserved 1056768K
  class space    used 621K, capacity 656K, committed 768K, reserved 1048576K
Event: 11.191 GC heap after
Heap after GC invocations=4 (full 0):
 PSYoungGen      total 71680K, used 5095K [0x00000000eab00000, 0x00000000ef600000, 0x0000000100000000)
  eden space 66560K, 0% used [0x00000000eab00000,0x00000000eab00000,0x00000000eec00000)
  from space 5120K, 99% used [0x00000000ef100000,0x00000000ef5f9fa0,0x00000000ef600000)
  to   space 5120K, 0% used [0x00000000eec00000,0x00000000eec00000,0x00000000ef100000)
 ParOldGen       total 87552K, used 16567K [0x00000000c0000000, 0x00000000c5580000, 0x00000000eab00000)
  object space 87552K, 18% used [0x00000000c0000000,0x00000000c102dd10,0x00000000c5580000)
 Metaspace       used 6374K, capacity 7128K, committed 7424K, reserved 1056768K
  class space    used 621K, capacity 656K, committed 768K, reserved 1048576K
}
Event: 15.697 GC heap before
{Heap before GC invocations=5 (full 0):
 PSYoungGen      total 71680K, used 71655K [0x00000000eab00000, 0x00000000ef600000, 0x0000000100000000)
  eden space 66560K, 100% used [0x00000000eab00000,0x00000000eec00000,0x00000000eec00000)
  from space 5120K, 99% used [0x00000000ef100000,0x00000000ef5f9fa0,0x00000000ef600000)
  to   space 5120K, 0% used [0x00000000eec00000,0x00000000eec00000,0x00000000ef100000)
 ParOldGen       total 87552K, used 16567K [0x00000000c0000000, 0x00000000c5580000, 0x00000000eab00000)
  object space 87552K, 18% used [0x00000000c0000000,0x00000000c102dd10,0x00000000c5580000)
 Metaspace       used 6457K, capacity 7192K, committed 7424K, reserved 1056768K
  class space    used 624K, capacity 656K, committed 768K, reserved 1048576K
Event: 16.187 GC heap after
Heap after GC invocations=5 (full 0):
 PSYoungGen      total 71680K, used 5088K [0x00000000eab00000, 0x00000000f4a00000, 0x0000000100000000)
  eden space 66560K, 0% used [0x00000000eab00000,0x00000000eab00000,0x00000000eec00000)
  from space 5120K, 99% used [0x00000000eec00000,0x00000000ef0f8168,0x00000000ef100000)
  to   space 14848K, 0% used [0x00000000f3b80000,0x00000000f3b80000,0x00000000f4a00000)
 ParOldGen       total 87552K, used 25537K [0x00000000c0000000, 0x00000000c5580000, 0x00000000eab00000)
  object space 87552K, 29% used [0x00000000c0000000,0x00000000c18f07d8,0x00000000c5580000)
 Metaspace       used 6457K, capacity 7192K, committed 7424K, reserved 1056768K
  class space    used 624K, capacity 656K, committed 768K, reserved 1048576K
}
Event: 18.326 GC heap before
{Heap before GC invocations=6 (full 0):
 PSYoungGen      total 71680K, used 71648K [0x00000000eab00000, 0x00000000f4a00000, 0x0000000100000000)
  eden space 66560K, 100% used [0x00000000eab00000,0x00000000eec00000,0x00000000eec00000)
  from space 5120K, 99% used [0x00000000eec00000,0x00000000ef0f8168,0x00000000ef100000)
  to   space 14848K, 0% used [0x00000000f3b80000,0x00000000f3b80000,0x00000000f4a00000)
 ParOldGen       total 87552K, used 25537K [0x00000000c0000000, 0x00000000c5580000, 0x00000000eab00000)
  object space 87552K, 29% used [0x00000000c0000000,0x00000000c18f07d8,0x00000000c5580000)
 Metaspace       used 6534K, capacity 7192K, committed 7424K, reserved 1056768K
  class space    used 624K, capacity 656K, committed 768K, reserved 1048576K
Event: 18.685 GC heap after
Heap after GC invocations=6 (full 0):
 PSYoungGen      total 145920K, used 14769K [0x00000000eab00000, 0x00000000f4e00000, 0x0000000100000000)
  eden space 131072K, 0% used [0x00000000eab00000,0x00000000eab00000,0x00000000f2b00000)
  from space 14848K, 99% used [0x00000000f3b80000,0x00000000f49ec600,0x00000000f4a00000)
  to   space 16896K, 0% used [0x00000000f2b00000,0x00000000f2b00000,0x00000000f3b80000)
 ParOldGen       total 87552K, used 25537K [0x00000000c0000000, 0x00000000c5580000, 0x00000000eab00000)
  object space 87552K, 29% used [0x00000000c0000000,0x00000000c18f07d8,0x00000000c5580000)
 Metaspace       used 6534K, capacity 7192K, committed 7424K, reserved 1056768K
  class space    used 624K, capacity 656K, committed 768K, reserved 1048576K
}

Deoptimization events (10 events):
Event: 23.471 Thread 0x00000000163e0800 Uncommon trap: reason=class_check action=maybe_recompile pc=0x0000000002a3a1e0 method=java.util.Arrays.equals([Ljava/lang/Object;[Ljava/lang/Object;)Z @ 62
Event: 23.471 Thread 0x00000000163e0800 Uncommon trap: reason=class_check action=maybe_recompile pc=0x0000000002a3a1e0 method=java.util.Arrays.equals([Ljava/lang/Object;[Ljava/lang/Object;)Z @ 62
Event: 23.471 Thread 0x00000000163e0800 Uncommon trap: reason=class_check action=maybe_recompile pc=0x0000000002a3a1e0 method=java.util.Arrays.equals([Ljava/lang/Object;[Ljava/lang/Object;)Z @ 62
Event: 23.474 Thread 0x00000000163e0800 Uncommon trap: reason=unstable_if action=reinterpret pc=0x00000000030e1a20 method=java.util.TreeMap.put(Ljava/lang/Object;Ljava/lang/Object;)Ljava/lang/Object; @ 163
Event: 23.509 Thread 0x00000000163e0800 Uncommon trap: reason=unstable_if action=reinterpret pc=0x000000000315b68c method=com.android.dx.dex.code.OutputFinisher.findOpcodeForInsn(Lcom/android/dx/dex/code/DalvInsn;Lcom/android/dx/dex/code/Dop;)Lcom/android/dx/dex/code/Dop; @ 1
Event: 24.600 Thread 0x00000000163e0800 Uncommon trap: reason=unstable_if action=reinterpret pc=0x00000000031bcef8 method=com.android.dx.dex.code.StdCatchBuilder.handlersFor(Lcom/android/dx/rop/code/BasicBlock;Lcom/android/dx/dex/code/BlockAddresses;)Lcom/android/dx/dex/code/CatchHandlerList; @ ï_·9@
Event: 25.715 Thread 0x00000000163e0800 Uncommon trap: reason=unstable_if action=reinterpret pc=0x000000000318a9e4 method=java.util.ArrayList.<init>(I)V @ 5
Event: 26.056 Thread 0x00000000163e0800 Uncommon trap: reason=unstable_if action=reinterpret pc=0x0000000002ccfdf4 method=java.lang.Long.numberOfTrailingZeros(J)I @ 3
Event: 26.085 Thread 0x00000000163e0800 Uncommon trap: reason=unstable_if action=reinterpret pc=0x00000000031dd95c method=com.android.dx.util.ByteArrayAnnotatedOutput.ensureCapacity(I)V @ 6
Event: 26.461 Thread 0x00000000163e0800 Uncommon trap: reason=unstable_if action=reinterpret pc=0x00000000031fa244 method=com.android.dx.util.ByteArrayAnnotatedOutput.writeByte(I)V @ 13

Internal exceptions (5 events):
Event: 0.626 Thread 0x00000000007bd800 Exception <a 'java/lang/NoSuchMethodError': Method sun.misc.Unsafe.defineClass(Ljava/lang/String;[BII)Ljava/lang/Class; name or signature does not match> (0x00000000eab07cc0) thrown at [C:\re\workspace\8-2-build-windows-amd64-cygwin\jdk8u91\7017\hotspot\sr4-Ù	ä?
Event: 0.626 Thread 0x00000000007bd800 Exception <a 'java/lang/NoSuchMethodError': Method sun.misc.Unsafe.prefetchRead(Ljava/lang/Object;J)V name or signature does not match> (0x00000000eab07fa8) thrown at [C:\re\workspace\8-2-build-windows-amd64-cygwin\jdk8u91\7017\hotspot\src\share\vm\prims\jÏNw°c @
Event: 8.057 Thread 0x00000000163e0800 Exception <a 'java/lang/ArrayIndexOutOfBoundsException': 18> (0x00000000eaf36918) thrown at [C:\re\workspace\8-2-build-windows-amd64-cygwin\jdk8u91\7017\hotspot\src\share\vm\interpreter\interpreterRuntime.cpp, line 366]
Event: 8.058 Thread 0x00000000163e0800 Exception <a 'java/lang/ArrayIndexOutOfBoundsException': 145> (0x00000000eaf38498) thrown at [C:\re\workspace\8-2-build-windows-amd64-cygwin\jdk8u91\7017\hotspot\src\share\vm\interpreter\interpreterRuntime.cpp, line 366]
Event: 8.059 Thread 0x00000000163e0800 Exception <a 'java/lang/ArrayIndexOutOfBoundsException'> (0x00000000eaf39780) thrown at [C:\re\workspace\8-2-build-windows-amd64-cygwin\jdk8u91\7017\hotspot\src\share\vm\runtime\sharedRuntime.cpp, line 605]

Events (10 events):
Event: 26.085 Thread 0x00000000163e0800 DEOPT UNPACKING pc=0x000000000275582a sp=0x000000001b98ec98 mode 2
Event: 26.094 loading class com/android/dx/dex/file/MapItem
Event: 26.094 loading class com/android/dx/dex/file/MapItem done
Event: 26.095 loading class com/android/dx/dex/file/UniformListItem
Event: 26.095 loading class com/android/dx/dex/file/UniformListItem done
Event: 26.460 loading class com/android/dex/DexFormat
Event: 26.460 loading class com/android/dex/DexFormat done
Event: 26.461 Thread 0x00000000163e0800 Uncommon trap: trap_request=0xffffff65 fr.pc=0x00000000031fa244
Event: 26.461 Thread 0x00000000163e0800 DEOPT PACKING pc=0x00000000031fa244 sp=0x000000001b98ef10
Event: 26.461 Thread 0x00000000163e0800 DEOPT UNPACKING pc=0x000000000275582a sp=0x000000001b98eec8 mode 2


Dynamic libraries:
0x00007ff6df510000 - 0x00007ff6df547000 	C:\Program Files\Java\jdk1.8.0_91\bin\java.exe
0x00007fff3d820000 - 0x00007fff3d9e1000 	C:\WINDOWS\SYSTEM32\ntdll.dll
0x00007fff3d480000 - 0x00007fff3d52d000 	C:\WINDOWS\system32\KERNEL32.DLL
0x00007fff3aa30000 - 0x00007fff3ac18000 	C:\WINDOWS\system32\KERNELBASE.dll
0x00007fff3c550000 - 0x00007fff3c5f7000 	C:\WINDOWS\system32\ADVAPI32.dll
0x00007fff3ca40000 - 0x00007fff3cadd000 	C:\WINDOWS\system32\msvcrt.dll
0x00007fff3ccd0000 - 0x00007fff3cd2b000 	C:\WINDOWS\system32\sechost.dll
0x00007fff3cae0000 - 0x00007fff3cbfc000 	C:\WINDOWS\system32\RPCRT4.dll
0x00007fff3c2a0000 - 0x00007fff3c3f6000 	C:\WINDOWS\system32\USER32.dll
0x00007fff3d100000 - 0x00007fff3d286000 	C:\WINDOWS\system32\GDI32.dll
0x00007fff2d2a0000 - 0x00007fff2d514000 	C:\WINDOWS\WinSxS\amd64_microsoft.windows.common-controls_6595b64144ccf1df_6.0.10586.0_none_8c15ae12515e1c22\COMCTL32.dll
0x00007fff3d530000 - 0x00007fff3d7ad000 	C:\WINDOWS\system32\combase.dll
0x00007fff3a9c0000 - 0x00007fff3aa2a000 	C:\WINDOWS\system32\bcryptPrimitives.dll
0x00007fff3d440000 - 0x00007fff3d47b000 	C:\WINDOWS\system32\IMM32.DLL
0x0000000065e80000 - 0x0000000065f52000 	C:\Program Files\Java\jdk1.8.0_91\jre\bin\msvcr100.dll
0x00000000662a0000 - 0x0000000066b33000 	C:\Program Files\Java\jdk1.8.0_91\jre\bin\server\jvm.dll
0x00007fff3c290000 - 0x00007fff3c298000 	C:\WINDOWS\system32\PSAPI.DLL
0x00007fff227f0000 - 0x00007fff227f9000 	C:\WINDOWS\SYSTEM32\WSOCK32.dll
0x00007fff3cc60000 - 0x00007fff3cccb000 	C:\WINDOWS\system32\WS2_32.dll
0x00007fff38630000 - 0x00007fff38653000 	C:\WINDOWS\SYSTEM32\WINMM.dll
0x00007fff37070000 - 0x00007fff3707a000 	C:\WINDOWS\SYSTEM32\VERSION.dll
0x00007fff38210000 - 0x00007fff3823c000 	C:\WINDOWS\SYSTEM32\WINMMBASE.dll
0x00007fff3a150000 - 0x00007fff3a193000 	C:\WINDOWS\system32\cfgmgr32.dll
0x0000000068d90000 - 0x0000000068d9f000 	C:\Program Files\Java\jdk1.8.0_91\jre\bin\verify.dll
0x0000000068d60000 - 0x0000000068d89000 	C:\Program Files\Java\jdk1.8.0_91\jre\bin\java.dll
0x0000000068d40000 - 0x0000000068d56000 	C:\Program Files\Java\jdk1.8.0_91\jre\bin\zip.dll
0x00007fff3ac20000 - 0x00007fff3c17c000 	C:\WINDOWS\system32\SHELL32.dll
0x00007fff3a1a0000 - 0x00007fff3a7e4000 	C:\WINDOWS\system32\windows.storage.dll
0x00007fff3c180000 - 0x00007fff3c1d2000 	C:\WINDOWS\system32\shlwapi.dll
0x00007fff39ec0000 - 0x00007fff39ecf000 	C:\WINDOWS\system32\kernel.appcore.dll
0x00007fff3a8a0000 - 0x00007fff3a955000 	C:\WINDOWS\system32\shcore.dll
0x00007fff39e60000 - 0x00007fff39eab000 	C:\WINDOWS\system32\powrprof.dll
0x00007fff39e40000 - 0x00007fff39e54000 	C:\WINDOWS\system32\profapi.dll

VM Arguments:
jvm_args: -Djava.awt.headless=true -Xmx1024M -Dfile.encoding=GBK -Duser.country=CN -Duser.language=zh -Duser.variant 
java_command: com.android.dx.command.Main --dex --force-jumbo --num-threads=4 --multi-dex --output E:\Java_workplace\EduMap2\app\build\intermediates\transforms\dex\debug\folders\1000\2\AMap_2DMap_V2.9.0_20160525_b60442ee4c9427e730a9e3ffffd00386f9ec0e98 E:\Java_workplace\EduMap2\app\libs\AMap_2DMap_V2.9.0_20160525.jar
java_class_path (initial): E:\AndroidSDK\build-tools\23.0.2\lib\dx.jar
Launcher Type: SUN_STANDARD

Environment Variables:
JAVA_HOME=C:\Program Files\Java\jdk1.8.0_91
CLASSPATH=.;C:\Program Files\Java\jdk1.8.0_91\lib;C:\Program Files\Java\jdk1.8.0_91\lib\tools.jar
PATH=C:\Program Files\Java\jdk1.8.0_91\bin;C:\Program Files\Java\jdk1.8.0_91\jre\bin;E:\python3.4;C:\Program Files (x86)\Intel\iCLS Client\;C:\Program Files\Intel\iCLS Client\;C:\WINDOWS\system32;C:\WINDOWS;C:\WINDOWS\System32\Wbem;C:\WINDOWS\System32\WindowsPowerShell\v1.0\;C:\Program Files\Intel\Intel(R) Management Engine Components\DAL;C:\Program Files\Intel\Intel(R) Management Engine Components\IPT;C:\Program Files (x86)\Intel\Intel(R) Management Engine Components\DAL;C:\Program Files (x86)\Intel\Intel(R) Management Engine Components\IPT;C:\Program Files (x86)\ATI Technologies\ATI.ACE\Core-Static;C:\Program Files\Lenovo\Bluetooth Software\;C:\Program Files\Lenovo\Bluetooth Software\syswow64;C:\Program Files (x86)\Lenovo\Lenovo Home\;C:\Program Files (x86)\Microsoft SQL Server\100\Tools\Binn\;C:\Program Files\Microsoft SQL Server\100\Tools\Binn\;C:\Program Files\Microsoft SQL Server\100\DTS\Binn\;D:\runtime\win64;D:\ATI.ACE\Core-Static;e:\\bin\win32;D:\bin;C:\Program Files (x86)\Common Files\Autodesk Shared\;C:\Program Files (x86)\backburner 2\;E:\matlab-New\runtime\win64;E:\matlab-New\bin
USERNAME=admin
OS=Windows_NT
PROCESSOR_IDENTIFIER=Intel64 Family 6 Model 69 Stepping 1, GenuineIntel



---------------  S Y S T E M  ---------------

OS: Windows 10.0 , 64 bit Build 10586 (10.0.10586.0)

CPU:total 4 (2 cores per cpu, 2 threads per core) family 6 model 69 stepping 1, cmov, cx8, fxsr, mmx, sse, sse2, sse3, ssse3, sse4.1, sse4.2, popcnt, avx, avx2, aes, clmul, erms, lzcnt, ht, tsc, tscinvbit, bmi1, bmi2

Memory: 4k page, physical 8295384k(2219168k free), swap 10249176k(3364k free)

vm_info: Java HotSpot(TM) 64-Bit Server VM (25.91-b15) for windows-amd64 JRE (1.8.0_91-b15), built on May 20 2016 17:43:15 by "java_re" with MS VC++ 10.0 (VS2010)

time: Sun Jun 19 13:50:33 2016
elapsed time: 26 seconds (0d 0h 0m 26s)

